#
# There is insufficient memory for the Java Runtime Environment to continue.
# Native memory allocation (malloc) failed to allocate 32744 bytes for ChunkPool::allocate
# Possible reasons:
#   The system is out of physical RAM or swap space
#   The process is running with CompressedOops enabled, and the Java Heap may be blocking the growth of the native heap
# Possible solutions:
#   Reduce memory load on the system
#   Increase physical memory or swap space
#   Check if swap backing store is full
#   Decrease Java heap size (-Xmx/-Xms)
#   Decrease number of Java threads
#   Decrease Java thread stack sizes (-Xss)
#   Set larger code cache with -XX:ReservedCodeCacheSize=
#   JVM is running with Unscaled Compressed Oops mode in which the Java heap is
#     placed in the first 4GB address space. The Java Heap base address is the
#     maximum limit for the native heap growth. Please use -XX:HeapBaseMinAddress
#     to set the Java Heap base and to place the Java Heap above 4GB virtual address.
# This output file may be truncated or incomplete.
#
#  Out of Memory Error (arena.cpp:79), pid=13340, tid=3944
#
# JRE version: Java(TM) SE Runtime Environment (16.0.2+7) (build 16.0.2+7-67)
# Java VM: Java HotSpot(TM) 64-Bit Server VM (16.0.2+7-67, mixed mode, sharing, tiered, compressed oops, compressed class ptrs, g1 gc, windows-amd64)
# No core dump will be written. Minidumps are not enabled by default on client versions of Windows
#

---------------  S U M M A R Y ------------

Command Line: -XX:+ShowCodeDetailsInExceptionMessages -agentlib:jdwp=transport=dt_socket,suspend=y,address=localhost:54590 -javaagent:C:\Users\Arsito\eclipse\java-2021-09\eclipse\configuration\org.eclipse.osgi\559\0\.cp\lib\javaagent-shaded.jar -Dfile.encoding=UTF-8 com.ontimize.atomicHotelsApiRest.ServerApplication

Host: Intel(R) Core(TM) i5-8250U CPU @ 1.60GHz, 8 cores, 7G,  Windows 10 , 64 bit Build 19041 (10.0.19041.1806)
Time: Fri Jul 29 09:06:23 2022 Hora de verano romance elapsed time: 4.962929 seconds (0d 0h 0m 4s)

---------------  T H R E A D  ---------------

Current thread (0x000001a03abf9ac0):  JavaThread "C2 CompilerThread0" daemon [_thread_in_native, id=3944, stack(0x0000009b25300000,0x0000009b25400000)]


Current CompileTask:
C2:   4962 4214   !   4       org.springframework.core.annotation.AnnotationsScanner::processMethodHierarchy (276 bytes)

Stack: [0x0000009b25300000,0x0000009b25400000]
Native frames: (J=compiled Java code, j=interpreted, Vv=VM code, C=native code)
V  [jvm.dll+0x6681ca]
V  [jvm.dll+0x7c9e69]
V  [jvm.dll+0x7cb61e]
V  [jvm.dll+0x7cbc73]
V  [jvm.dll+0x242c55]
V  [jvm.dll+0xae10f]
V  [jvm.dll+0xae45c]
V  [jvm.dll+0x360470]
V  [jvm.dll+0x35f9c1]
V  [jvm.dll+0x35fa04]
V  [jvm.dll+0x5576a8]
V  [jvm.dll+0x1b9adf]
V  [jvm.dll+0x215e16]
V  [jvm.dll+0x215100]
V  [jvm.dll+0x1a1beb]
V  [jvm.dll+0x225158]
V  [jvm.dll+0x22319c]
V  [jvm.dll+0x77fa62]
V  [jvm.dll+0x7795aa]
V  [jvm.dll+0x667066]
C  [ucrtbase.dll+0x21bb2]
C  [KERNEL32.DLL+0x17034]
C  [ntdll.dll+0x52651]


---------------  P R O C E S S  ---------------

Threads class SMR info:
_java_thread_list=0x000001a03e4185b0, length=17, elements={
0x000001a01cccdeb0, 0x000001a03abe3050, 0x000001a03abe3f10, 0x000001a03abf08c0,
0x000001a03abf33d0, 0x000001a03abf3dd0, 0x000001a03abf6520, 0x000001a03abf9ac0,
0x000001a03abfa5b0, 0x000001a03ac0f3e0, 0x000001a03b894ef0, 0x000001a03b916d50,
0x000001a03b918c50, 0x000001a03b91b390, 0x000001a03b9e6bd0, 0x000001a03bf824d0,
0x000001a03d1fef60
}

Java Threads: ( => current thread )
  0x000001a01cccdeb0 JavaThread "main" [_thread_in_vm, id=860, stack(0x0000009b24600000,0x0000009b24700000)]
  0x000001a03abe3050 JavaThread "Reference Handler" daemon [_thread_blocked, id=12260, stack(0x0000009b24d00000,0x0000009b24e00000)]
  0x000001a03abe3f10 JavaThread "Finalizer" daemon [_thread_blocked, id=17660, stack(0x0000009b24e00000,0x0000009b24f00000)]
  0x000001a03abf08c0 JavaThread "Signal Dispatcher" daemon [_thread_blocked, id=3004, stack(0x0000009b24f00000,0x0000009b25000000)]
  0x000001a03abf33d0 JavaThread "Attach Listener" daemon [_thread_blocked, id=12284, stack(0x0000009b25000000,0x0000009b25100000)]
  0x000001a03abf3dd0 JavaThread "Service Thread" daemon [_thread_blocked, id=15092, stack(0x0000009b25100000,0x0000009b25200000)]
  0x000001a03abf6520 JavaThread "Monitor Deflation Thread" daemon [_thread_blocked, id=2328, stack(0x0000009b25200000,0x0000009b25300000)]
=>0x000001a03abf9ac0 JavaThread "C2 CompilerThread0" daemon [_thread_in_native, id=3944, stack(0x0000009b25300000,0x0000009b25400000)]
  0x000001a03abfa5b0 JavaThread "C1 CompilerThread0" daemon [_thread_blocked, id=2524, stack(0x0000009b25400000,0x0000009b25500000)]
  0x000001a03ac0f3e0 JavaThread "Sweeper thread" daemon [_thread_blocked, id=5764, stack(0x0000009b25500000,0x0000009b25600000)]
  0x000001a03b894ef0 JavaThread "Common-Cleaner" daemon [_thread_blocked, id=7040, stack(0x0000009b25600000,0x0000009b25700000)]
  0x000001a03b916d50 JavaThread "JDWP Transport Listener: dt_socket" daemon [_thread_blocked, id=17932, stack(0x0000009b25700000,0x0000009b25800000)]
  0x000001a03b918c50 JavaThread "JDWP Event Helper Thread" daemon [_thread_blocked, id=10712, stack(0x0000009b25800000,0x0000009b25900000)]
  0x000001a03b91b390 JavaThread "JDWP Command Reader" daemon [_thread_in_native, id=17668, stack(0x0000009b25900000,0x0000009b25a00000)]
  0x000001a03b9e6bd0 JavaThread "C2 CompilerThread1" daemon [_thread_in_native, id=16772, stack(0x0000009b25a00000,0x0000009b25b00000)]
  0x000001a03bf824d0 JavaThread "Notification Thread" daemon [_thread_blocked, id=7244, stack(0x0000009b25b00000,0x0000009b25c00000)]
  0x000001a03d1fef60 JavaThread "C2 CompilerThread2" daemon [_thread_in_native, id=12332, stack(0x0000009b26400000,0x0000009b26500000)]

Other Threads:
  0x000001a03abdb3f0 VMThread "VM Thread" [stack: 0x0000009b24c00000,0x0000009b24d00000] [id=15184]
  0x000001a01cccef30 WatcherThread [stack: 0x0000009b25c00000,0x0000009b25d00000] [id=16216]
  0x000001a01cd0df40 GCTaskThread "GC Thread#0" [stack: 0x0000009b24700000,0x0000009b24800000] [id=12932]
  0x000001a03c51d570 GCTaskThread "GC Thread#1" [stack: 0x0000009b25d00000,0x0000009b25e00000] [id=13380]
  0x000001a03c51d880 GCTaskThread "GC Thread#2" [stack: 0x0000009b25e00000,0x0000009b25f00000] [id=4892]
  0x000001a03c830c60 GCTaskThread "GC Thread#3" [stack: 0x0000009b25f00000,0x0000009b26000000] [id=4604]
  0x000001a03c2c57f0 GCTaskThread "GC Thread#4" [stack: 0x0000009b26000000,0x0000009b26100000] [id=17428]
  0x000001a03c7cde40 GCTaskThread "GC Thread#5" [stack: 0x0000009b26100000,0x0000009b26200000] [id=7596]
  0x000001a03c7ce150 GCTaskThread "GC Thread#6" [stack: 0x0000009b26200000,0x0000009b26300000] [id=1668]
  0x000001a03cb35bc0 GCTaskThread "GC Thread#7" [stack: 0x0000009b26300000,0x0000009b26400000] [id=2324]
  0x000001a01cd20230 ConcurrentGCThread "G1 Main Marker" [stack: 0x0000009b24800000,0x0000009b24900000] [id=3212]
  0x000001a01cd20ca0 ConcurrentGCThread "G1 Conc#0" [stack: 0x0000009b24900000,0x0000009b24a00000] [id=15140]
  0x000001a03e959cb0 ConcurrentGCThread "G1 Conc#1" [stack: 0x0000009b26500000,0x0000009b26600000] [id=13548]
  0x000001a03aa90090 ConcurrentGCThread "G1 Refine#0" [stack: 0x0000009b24a00000,0x0000009b24b00000] [id=1248]
  0x000001a03aa90b10 ConcurrentGCThread "G1 Service" [stack: 0x0000009b24b00000,0x0000009b24c00000] [id=7836]

Threads with active compile tasks:
C2 CompilerThread0     4990 4214   !   4       org.springframework.core.annotation.AnnotationsScanner::processMethodHierarchy (276 bytes)
C2 CompilerThread1     4990 4202   !   4       org.springframework.core.annotation.AnnotationsScanner::processClassHierarchy (227 bytes)
C2 CompilerThread2     4990 3623 %     4       org.eclipse.jdt.launching.internal.org.objectweb.asm.ClassReader::readCode @ 2036 (5109 bytes)

VM state: not at safepoint (normal execution)

VM Mutex/Monitor currently owned by a thread: None

Heap address: 0x0000000082800000, size: 2008 MB, Compressed Oops mode: 32-bit

CDS archive(s) mapped at: [0x0000000800000000-0x0000000800bb0000-0x0000000800bb0000), size 12255232, SharedBaseAddress: 0x0000000800000000, ArchiveRelocationMode: 0.
Compressed class space mapped at: 0x0000000800c00000-0x0000000840c00000, reserved size: 1073741824
Narrow klass base: 0x0000000800000000, Narrow klass shift: 3, Narrow klass range: 0x100000000

GC Precious Log:
 CPUs: 8 total, 8 available
 Memory: 8026M
 Large Page Support: Disabled
 NUMA Support: Disabled
 Compressed Oops: Enabled (32-bit)
 Heap Region Size: 1M
 Heap Min Capacity: 8M
 Heap Initial Capacity: 126M
 Heap Max Capacity: 2008M
 Pre-touch: Disabled
 Parallel Workers: 8
 Concurrent Workers: 2
 Concurrent Refinement Workers: 8
 Periodic GC: Disabled

Heap:
 garbage-first heap   total 66560K, used 47401K [0x0000000082800000, 0x0000000100000000)
  region size 1024K, 33 young (33792K), 4 survivors (4096K)
 Metaspace       used 30129K, committed 30528K, reserved 1081344K
  class space    used 3675K, committed 3840K, reserved 1048576K

Heap Regions: E=young(eden), S=young(survivor), O=old, HS=humongous(starts), HC=humongous(continues), CS=collection set, F=free, OA=open archive, CA=closed archive, TAMS=top-at-mark-start (previous, next)
|   0|0x0000000082800000, 0x0000000082900000, 0x0000000082900000|100%|HS|  |TAMS 0x0000000082900000, 0x0000000082800000| Complete 
|   1|0x0000000082900000, 0x0000000082a00000, 0x0000000082a00000|100%| O|  |TAMS 0x0000000082a00000, 0x0000000082900000| Untracked 
|   2|0x0000000082a00000, 0x0000000082b00000, 0x0000000082b00000|100%| O|  |TAMS 0x0000000082b00000, 0x0000000082a00000| Untracked 
|   3|0x0000000082b00000, 0x0000000082c00000, 0x0000000082c00000|100%| O|  |TAMS 0x0000000082c00000, 0x0000000082b00000| Untracked 
|   4|0x0000000082c00000, 0x0000000082d00000, 0x0000000082d00000|100%| O|  |TAMS 0x0000000082d00000, 0x0000000082c00000| Untracked 
|   5|0x0000000082d00000, 0x0000000082e00000, 0x0000000082e00000|100%| O|  |TAMS 0x0000000082e00000, 0x0000000082d00000| Untracked 
|   6|0x0000000082e00000, 0x0000000082f00000, 0x0000000082f00000|100%| O|  |TAMS 0x0000000082f00000, 0x0000000082e00000| Untracked 
|   7|0x0000000082f00000, 0x0000000082f21600, 0x0000000083000000| 13%| O|  |TAMS 0x0000000082f21600, 0x0000000082f00000| Untracked 
|   8|0x0000000083000000, 0x0000000083100000, 0x0000000083100000|100%| O|  |TAMS 0x0000000083000000, 0x0000000083000000| Untracked 
|   9|0x0000000083100000, 0x0000000083200000, 0x0000000083200000|100%| O|  |TAMS 0x0000000083100000, 0x0000000083100000| Untracked 
|  10|0x0000000083200000, 0x0000000083300000, 0x0000000083300000|100%| O|  |TAMS 0x0000000083200000, 0x0000000083200000| Untracked 
|  11|0x0000000083300000, 0x0000000083400000, 0x0000000083400000|100%| O|  |TAMS 0x0000000083300000, 0x0000000083300000| Untracked 
|  12|0x0000000083400000, 0x0000000083500000, 0x0000000083500000|100%| O|  |TAMS 0x0000000083400000, 0x0000000083400000| Untracked 
|  13|0x0000000083500000, 0x0000000083600000, 0x0000000083600000|100%| O|  |TAMS 0x0000000083500000, 0x0000000083500000| Untracked 
|  14|0x0000000083600000, 0x0000000083700000, 0x0000000083700000|100%| O|  |TAMS 0x0000000083600000, 0x0000000083600000| Untracked 
|  15|0x0000000083700000, 0x00000000837dd000, 0x0000000083800000| 86%| O|  |TAMS 0x0000000083700000, 0x0000000083700000| Untracked 
|  16|0x0000000083800000, 0x0000000083900000, 0x0000000083900000|100%|HS|  |TAMS 0x0000000083800000, 0x0000000083800000| Complete 
|  17|0x0000000083900000, 0x0000000083900000, 0x0000000083a00000|  0%| F|  |TAMS 0x0000000083900000, 0x0000000083900000| Untracked 
|  18|0x0000000083a00000, 0x0000000083a00000, 0x0000000083b00000|  0%| F|  |TAMS 0x0000000083a00000, 0x0000000083a00000| Untracked 
|  19|0x0000000083b00000, 0x0000000083b00000, 0x0000000083c00000|  0%| F|  |TAMS 0x0000000083b00000, 0x0000000083b00000| Untracked 
|  20|0x0000000083c00000, 0x0000000083c00000, 0x0000000083d00000|  0%| F|  |TAMS 0x0000000083c00000, 0x0000000083c00000| Untracked 
|  21|0x0000000083d00000, 0x0000000083d00000, 0x0000000083e00000|  0%| F|  |TAMS 0x0000000083d00000, 0x0000000083d00000| Untracked 
|  22|0x0000000083e00000, 0x0000000083e00000, 0x0000000083f00000|  0%| F|  |TAMS 0x0000000083e00000, 0x0000000083e00000| Untracked 
|  23|0x0000000083f00000, 0x0000000083f00000, 0x0000000084000000|  0%| F|  |TAMS 0x0000000083f00000, 0x0000000083f00000| Untracked 
|  24|0x0000000084000000, 0x0000000084000000, 0x0000000084100000|  0%| F|  |TAMS 0x0000000084000000, 0x0000000084000000| Untracked 
|  25|0x0000000084100000, 0x0000000084100000, 0x0000000084200000|  0%| F|  |TAMS 0x0000000084100000, 0x0000000084100000| Untracked 
|  26|0x0000000084200000, 0x0000000084200000, 0x0000000084300000|  0%| F|  |TAMS 0x0000000084200000, 0x0000000084200000| Untracked 
|  27|0x0000000084300000, 0x0000000084300000, 0x0000000084400000|  0%| F|  |TAMS 0x0000000084300000, 0x0000000084300000| Untracked 
|  28|0x0000000084400000, 0x0000000084400000, 0x0000000084500000|  0%| F|  |TAMS 0x0000000084400000, 0x0000000084400000| Untracked 
|  29|0x0000000084500000, 0x000000008454c1e8, 0x0000000084600000| 29%| S|CS|TAMS 0x0000000084500000, 0x0000000084500000| Complete 
|  30|0x0000000084600000, 0x0000000084700000, 0x0000000084700000|100%| S|CS|TAMS 0x0000000084600000, 0x0000000084600000| Complete 
|  31|0x0000000084700000, 0x0000000084800000, 0x0000000084800000|100%| S|CS|TAMS 0x0000000084700000, 0x0000000084700000| Complete 
|  32|0x0000000084800000, 0x0000000084900000, 0x0000000084900000|100%| S|CS|TAMS 0x0000000084800000, 0x0000000084800000| Complete 
|  33|0x0000000084900000, 0x0000000084900000, 0x0000000084a00000|  0%| F|  |TAMS 0x0000000084900000, 0x0000000084900000| Untracked 
|  34|0x0000000084a00000, 0x0000000084a00000, 0x0000000084b00000|  0%| F|  |TAMS 0x0000000084a00000, 0x0000000084a00000| Untracked 
|  35|0x0000000084b00000, 0x0000000084b00000, 0x0000000084c00000|  0%| F|  |TAMS 0x0000000084b00000, 0x0000000084b00000| Untracked 
|  36|0x0000000084c00000, 0x0000000084d00000, 0x0000000084d00000|100%| E|  |TAMS 0x0000000084c00000, 0x0000000084c00000| Complete 
|  37|0x0000000084d00000, 0x0000000084e00000, 0x0000000084e00000|100%| E|CS|TAMS 0x0000000084d00000, 0x0000000084d00000| Complete 
|  38|0x0000000084e00000, 0x0000000084f00000, 0x0000000084f00000|100%| E|CS|TAMS 0x0000000084e00000, 0x0000000084e00000| Complete 
|  39|0x0000000084f00000, 0x0000000085000000, 0x0000000085000000|100%| E|CS|TAMS 0x0000000084f00000, 0x0000000084f00000| Complete 
|  40|0x0000000085000000, 0x0000000085100000, 0x0000000085100000|100%| E|CS|TAMS 0x0000000085000000, 0x0000000085000000| Complete 
|  41|0x0000000085100000, 0x0000000085200000, 0x0000000085200000|100%| E|CS|TAMS 0x0000000085100000, 0x0000000085100000| Complete 
|  42|0x0000000085200000, 0x0000000085300000, 0x0000000085300000|100%| E|CS|TAMS 0x0000000085200000, 0x0000000085200000| Complete 
|  43|0x0000000085300000, 0x0000000085400000, 0x0000000085400000|100%| E|CS|TAMS 0x0000000085300000, 0x0000000085300000| Complete 
|  44|0x0000000085400000, 0x0000000085500000, 0x0000000085500000|100%| E|CS|TAMS 0x0000000085400000, 0x0000000085400000| Complete 
|  45|0x0000000085500000, 0x0000000085600000, 0x0000000085600000|100%| E|CS|TAMS 0x0000000085500000, 0x0000000085500000| Complete 
|  46|0x0000000085600000, 0x0000000085700000, 0x0000000085700000|100%| E|CS|TAMS 0x0000000085600000, 0x0000000085600000| Complete 
|  47|0x0000000085700000, 0x0000000085800000, 0x0000000085800000|100%| E|CS|TAMS 0x0000000085700000, 0x0000000085700000| Complete 
|  48|0x0000000085800000, 0x0000000085900000, 0x0000000085900000|100%| E|CS|TAMS 0x0000000085800000, 0x0000000085800000| Complete 
|  49|0x0000000085900000, 0x0000000085a00000, 0x0000000085a00000|100%| E|CS|TAMS 0x0000000085900000, 0x0000000085900000| Complete 
|  50|0x0000000085a00000, 0x0000000085b00000, 0x0000000085b00000|100%| E|CS|TAMS 0x0000000085a00000, 0x0000000085a00000| Complete 
|  51|0x0000000085b00000, 0x0000000085c00000, 0x0000000085c00000|100%| E|CS|TAMS 0x0000000085b00000, 0x0000000085b00000| Complete 
|  52|0x0000000085c00000, 0x0000000085d00000, 0x0000000085d00000|100%| E|CS|TAMS 0x0000000085c00000, 0x0000000085c00000| Complete 
|  53|0x0000000085d00000, 0x0000000085e00000, 0x0000000085e00000|100%| E|CS|TAMS 0x0000000085d00000, 0x0000000085d00000| Complete 
|  54|0x0000000085e00000, 0x0000000085f00000, 0x0000000085f00000|100%| E|CS|TAMS 0x0000000085e00000, 0x0000000085e00000| Complete 
|  55|0x0000000085f00000, 0x0000000086000000, 0x0000000086000000|100%| E|CS|TAMS 0x0000000085f00000, 0x0000000085f00000| Complete 
|  56|0x0000000086000000, 0x0000000086100000, 0x0000000086100000|100%| E|CS|TAMS 0x0000000086000000, 0x0000000086000000| Complete 
|  57|0x0000000086100000, 0x0000000086200000, 0x0000000086200000|100%| E|CS|TAMS 0x0000000086100000, 0x0000000086100000| Complete 
|  58|0x0000000086200000, 0x0000000086300000, 0x0000000086300000|100%| E|CS|TAMS 0x0000000086200000, 0x0000000086200000| Complete 
|  59|0x0000000086300000, 0x0000000086400000, 0x0000000086400000|100%| E|CS|TAMS 0x0000000086300000, 0x0000000086300000| Complete 
|  60|0x0000000086400000, 0x0000000086500000, 0x0000000086500000|100%| E|  |TAMS 0x0000000086400000, 0x0000000086400000| Complete 
|  61|0x0000000086500000, 0x0000000086600000, 0x0000000086600000|100%| E|CS|TAMS 0x0000000086500000, 0x0000000086500000| Complete 
|  62|0x0000000086600000, 0x0000000086700000, 0x0000000086700000|100%| E|CS|TAMS 0x0000000086600000, 0x0000000086600000| Complete 
|  63|0x0000000086700000, 0x0000000086800000, 0x0000000086800000|100%| E|CS|TAMS 0x0000000086700000, 0x0000000086700000| Complete 
| 125|0x000000008a500000, 0x000000008a600000, 0x000000008a600000|100%| E|CS|TAMS 0x000000008a500000, 0x000000008a500000| Complete 

Card table byte_map: [0x000001a033b60000,0x000001a033f50000] _byte_map_base: 0x000001a03374c000

Marking Bits (Prev, Next): (CMBitMap*) 0x000001a01cd0f600, (CMBitMap*) 0x000001a01cd0f5c0
 Prev Bits: [0x000001a0362a0000, 0x000001a038200000)
 Next Bits: [0x000001a034340000, 0x000001a0362a0000)

Polling page: 0x000001a01aae0000

Metaspace:

Usage:
  Non-class:     25.83 MB used.
      Class:      3.59 MB used.
       Both:     29.42 MB used.

Virtual space:
  Non-class space:       32.00 MB reserved,      26.06 MB ( 81%) committed,  4 nodes.
      Class space:        1.00 GB reserved,       3.75 MB ( <1%) committed,  1 nodes.
              Both:        1.03 GB reserved,      29.81 MB (  3%) committed. 

Chunk freelists:
   Non-Class:  1.98 MB
       Class:  291.00 KB
        Both:  2.27 MB

MaxMetaspaceSize: 17179869184.00 GB
CompressedClassSpaceSize: 1.00 GB
 - commit_granule_bytes: 65536.
 - commit_granule_words: 8192.
 - virtual_space_node_default_size: 1048576.
 - enlarge_chunks_in_place: 1.
 - new_chunks_are_fully_committed: 0.
 - uncommit_free_chunks: 1.
 - use_allocation_guard: 0.
 - handle_deallocations: 1.


Internal statistics:

num_allocs_failed_limit: 3.
num_arena_births: 378.
num_arena_deaths: 0.
num_vsnodes_births: 5.
num_vsnodes_deaths: 0.
num_space_committed: 477.
num_space_uncommitted: 0.
num_chunks_returned_to_freelist: 3.
num_chunks_taken_from_freelist: 1426.
num_chunk_merges: 3.
num_chunk_splits: 940.
num_chunks_enlarged: 698.
num_purges: 0.

CodeHeap 'non-profiled nmethods': size=120000Kb used=2230Kb max_used=2993Kb free=117769Kb
 bounds [0x000001a02bf10000, 0x000001a02c200000, 0x000001a033440000]
CodeHeap 'profiled nmethods': size=120000Kb used=8160Kb max_used=9872Kb free=111840Kb
 bounds [0x000001a0249e0000, 0x000001a025390000, 0x000001a02bf10000]
CodeHeap 'non-nmethods': size=5760Kb used=1297Kb max_used=1390Kb free=4462Kb
 bounds [0x000001a024440000, 0x000001a0246b0000, 0x000001a0249e0000]
 total_blobs=4284 nmethods=3763 adapters=432
 compilation: enabled
              stopped_count=0, restarted_count=0
 full_count=0

Compilation events (20 events):
Event: 4.925 Thread 0x000001a03abfa5b0 4420       2       org.springframework.core.annotation.AnnotationUtils::isCandidateClass (22 bytes)
Event: 4.926 Thread 0x000001a03abfa5b0 nmethod 4420 0x000001a024e82b10 code [0x000001a024e82ce0, 0x000001a024e82f48]
Event: 4.927 Thread 0x000001a03abfa5b0 4421   !   2       jdk.proxy2.$Proxy65::annotationType (29 bytes)
Event: 4.928 Thread 0x000001a03abfa5b0 nmethod 4421 0x000001a024c8e910 code [0x000001a024c8eae0, 0x000001a024c8edb8]
Event: 4.928 Thread 0x000001a03abfa5b0 4422   !   2       jdk.proxy2.$Proxy66::annotationType (29 bytes)
Event: 4.928 Thread 0x000001a03abfa5b0 nmethod 4422 0x000001a024cc3690 code [0x000001a024cc3860, 0x000001a024cc3b38]
Event: 4.933 Thread 0x000001a03abfa5b0 4424       1       org.springframework.beans.factory.config.InstantiationAwareBeanPostProcessor::postProcessBeforeInstantiation (2 bytes)
Event: 4.933 Thread 0x000001a03abfa5b0 nmethod 4424 0x000001a02bf81b90 code [0x000001a02bf81d20, 0x000001a02bf81df8]
Event: 4.935 Thread 0x000001a03abfa5b0 4425       2       org.springframework.beans.factory.config.BeanPostProcessor::postProcessAfterInitialization (2 bytes)
Event: 4.935 Thread 0x000001a03abfa5b0 nmethod 4425 0x000001a024d64f90 code [0x000001a024d65120, 0x000001a024d65238]
Event: 4.938 Thread 0x000001a03abfa5b0 4426       2       org.springframework.core.annotation.AnnotationUtils::isCandidateClass (9 bytes)
Event: 4.938 Thread 0x000001a03abfa5b0 nmethod 4426 0x000001a024e3b590 code [0x000001a024e3b760, 0x000001a024e3b9b8]
Event: 4.940 Thread 0x000001a03abfa5b0 4427       2       java.lang.reflect.Field::getAnnotation (23 bytes)
Event: 4.940 Thread 0x000001a03abfa5b0 nmethod 4427 0x000001a024eaf290 code [0x000001a024eaf480, 0x000001a024eaf808]
Event: 4.942 Thread 0x000001a03abfa5b0 4428       2       java.util.Arrays::sort (47 bytes)
Event: 4.942 Thread 0x000001a03abfa5b0 nmethod 4428 0x000001a024d64a90 code [0x000001a024d64c60, 0x000001a024d64e28]
Event: 4.942 Thread 0x000001a03abfa5b0 4429       2       java.lang.invoke.MemberName::equals (24 bytes)
Event: 4.943 Thread 0x000001a03abfa5b0 nmethod 4429 0x000001a025138510 code [0x000001a0251386c0, 0x000001a0251388a8]
Event: 4.950 Thread 0x000001a03abfa5b0 4433       2       java.lang.invoke.MethodType::methodType (14 bytes)
Event: 4.951 Thread 0x000001a03abfa5b0 nmethod 4433 0x000001a024e07f90 code [0x000001a024e08140, 0x000001a024e083e8]

GC Heap History (18 events):
Event: 0.565 GC heap before
{Heap before GC invocations=0 (full 0):
 garbage-first heap   total 129024K, used 23552K [0x0000000082800000, 0x0000000100000000)
  region size 1024K, 23 young (23552K), 0 survivors (0K)
 Metaspace       used 4060K, committed 4224K, reserved 1056768K
  class space    used 356K, committed 448K, reserved 1048576K
}
Event: 0.570 GC heap after
{Heap after GC invocations=1 (full 0):
 garbage-first heap   total 129024K, used 7573K [0x0000000082800000, 0x0000000100000000)
  region size 1024K, 3 young (3072K), 3 survivors (3072K)
 Metaspace       used 4060K, committed 4224K, reserved 1056768K
  class space    used 356K, committed 448K, reserved 1048576K
}
Event: 0.967 GC heap before
{Heap before GC invocations=1 (full 0):
 garbage-first heap   total 129024K, used 37269K [0x0000000082800000, 0x0000000100000000)
  region size 1024K, 32 young (32768K), 3 survivors (3072K)
 Metaspace       used 7538K, committed 7744K, reserved 1056768K
  class space    used 777K, committed 896K, reserved 1048576K
}
Event: 0.971 GC heap after
{Heap after GC invocations=2 (full 0):
 garbage-first heap   total 129024K, used 8865K [0x0000000082800000, 0x0000000100000000)
  region size 1024K, 2 young (2048K), 2 survivors (2048K)
 Metaspace       used 7538K, committed 7744K, reserved 1056768K
  class space    used 777K, committed 896K, reserved 1048576K
}
Event: 1.488 GC heap before
{Heap before GC invocations=2 (full 0):
 garbage-first heap   total 129024K, used 53921K [0x0000000082800000, 0x0000000100000000)
  region size 1024K, 47 young (48128K), 2 survivors (2048K)
 Metaspace       used 12153K, committed 12352K, reserved 1064960K
  class space    used 1424K, committed 1536K, reserved 1048576K
}
Event: 1.491 GC heap after
{Heap after GC invocations=3 (full 0):
 garbage-first heap   total 129024K, used 10572K [0x0000000082800000, 0x0000000100000000)
  region size 1024K, 4 young (4096K), 4 survivors (4096K)
 Metaspace       used 12153K, committed 12352K, reserved 1064960K
  class space    used 1424K, committed 1536K, reserved 1048576K
}
Event: 2.070 GC heap before
{Heap before GC invocations=3 (full 0):
 garbage-first heap   total 129024K, used 82252K [0x0000000082800000, 0x0000000100000000)
  region size 1024K, 75 young (76800K), 4 survivors (4096K)
 Metaspace       used 17981K, committed 18176K, reserved 1073152K
  class space    used 2095K, committed 2176K, reserved 1048576K
}
Event: 2.076 GC heap after
{Heap after GC invocations=4 (full 0):
 garbage-first heap   total 129024K, used 12087K [0x0000000082800000, 0x0000000100000000)
  region size 1024K, 5 young (5120K), 5 survivors (5120K)
 Metaspace       used 17981K, committed 18176K, reserved 1073152K
  class space    used 2095K, committed 2176K, reserved 1048576K
}
Event: 2.941 GC heap before
{Heap before GC invocations=4 (full 0):
 garbage-first heap   total 129024K, used 75575K [0x0000000082800000, 0x0000000100000000)
  region size 1024K, 68 young (69632K), 5 survivors (5120K)
 Metaspace       used 20981K, committed 21248K, reserved 1073152K
  class space    used 2478K, committed 2624K, reserved 1048576K
}
Event: 2.948 GC heap after
{Heap after GC invocations=5 (full 0):
 garbage-first heap   total 129024K, used 13975K [0x0000000082800000, 0x0000000100000000)
  region size 1024K, 7 young (7168K), 7 survivors (7168K)
 Metaspace       used 20981K, committed 21248K, reserved 1073152K
  class space    used 2478K, committed 2624K, reserved 1048576K
}
Event: 3.282 GC heap before
{Heap before GC invocations=6 (full 0):
 garbage-first heap   total 55296K, used 39575K [0x0000000082800000, 0x0000000100000000)
  region size 1024K, 32 young (32768K), 7 survivors (7168K)
 Metaspace       used 22447K, committed 22720K, reserved 1073152K
  class space    used 2687K, committed 2816K, reserved 1048576K
}
Event: 3.293 GC heap after
{Heap after GC invocations=7 (full 0):
 garbage-first heap   total 55296K, used 14605K [0x0000000082800000, 0x0000000100000000)
  region size 1024K, 3 young (3072K), 3 survivors (3072K)
 Metaspace       used 22447K, committed 22720K, reserved 1073152K
  class space    used 2687K, committed 2816K, reserved 1048576K
}
Event: 3.652 GC heap before
{Heap before GC invocations=7 (full 0):
 garbage-first heap   total 55296K, used 40205K [0x0000000082800000, 0x0000000100000000)
  region size 1024K, 28 young (28672K), 3 survivors (3072K)
 Metaspace       used 24201K, committed 24512K, reserved 1073152K
  class space    used 2920K, committed 3072K, reserved 1048576K
}
Event: 3.659 GC heap after
{Heap after GC invocations=8 (full 0):
 garbage-first heap   total 55296K, used 15482K [0x0000000082800000, 0x0000000100000000)
  region size 1024K, 2 young (2048K), 2 survivors (2048K)
 Metaspace       used 24201K, committed 24512K, reserved 1073152K
  class space    used 2920K, committed 3072K, reserved 1048576K
}
Event: 4.117 GC heap before
{Heap before GC invocations=8 (full 0):
 garbage-first heap   total 55296K, used 40058K [0x0000000082800000, 0x0000000100000000)
  region size 1024K, 27 young (27648K), 2 survivors (2048K)
 Metaspace       used 26259K, committed 26560K, reserved 1073152K
  class space    used 3202K, committed 3328K, reserved 1048576K
}
Event: 4.126 GC heap after
{Heap after GC invocations=9 (full 0):
 garbage-first heap   total 66560K, used 17252K [0x0000000082800000, 0x0000000100000000)
  region size 1024K, 4 young (4096K), 4 survivors (4096K)
 Metaspace       used 26259K, committed 26560K, reserved 1073152K
  class space    used 3202K, committed 3328K, reserved 1048576K
}
Event: 4.608 GC heap before
{Heap before GC invocations=9 (full 0):
 garbage-first heap   total 66560K, used 48996K [0x0000000082800000, 0x0000000100000000)
  region size 1024K, 36 young (36864K), 4 survivors (4096K)
 Metaspace       used 29059K, committed 29440K, reserved 1081344K
  class space    used 3529K, committed 3712K, reserved 1048576K
}
Event: 4.615 GC heap after
{Heap after GC invocations=10 (full 0):
 garbage-first heap   total 66560K, used 18729K [0x0000000082800000, 0x0000000100000000)
  region size 1024K, 4 young (4096K), 4 survivors (4096K)
 Metaspace       used 29059K, committed 29440K, reserved 1081344K
  class space    used 3529K, committed 3712K, reserved 1048576K
}

Deoptimization events (20 events):
Event: 4.937 Thread 0x000001a01cccdeb0 DEOPT PACKING pc=0x000001a024c095e4 sp=0x0000009b246fa850
Event: 4.937 Thread 0x000001a01cccdeb0 DEOPT UNPACKING pc=0x000001a02448dece sp=0x0000009b246f9d08 mode 1
Event: 4.937 Thread 0x000001a01cccdeb0 DEOPT PACKING pc=0x000001a02514b10c sp=0x0000009b246fb270
Event: 4.937 Thread 0x000001a01cccdeb0 DEOPT UNPACKING pc=0x000001a02448dece sp=0x0000009b246fa740 mode 1
Event: 4.939 Thread 0x000001a01cccdeb0 DEOPT PACKING pc=0x000001a025152cec sp=0x0000009b246fbf40
Event: 4.939 Thread 0x000001a01cccdeb0 DEOPT UNPACKING pc=0x000001a02448dece sp=0x0000009b246fb4a8 mode 1
Event: 4.939 Thread 0x000001a01cccdeb0 DEOPT PACKING pc=0x000001a025152cec sp=0x0000009b246fbf40
Event: 4.939 Thread 0x000001a01cccdeb0 DEOPT UNPACKING pc=0x000001a02448dece sp=0x0000009b246fb4a8 mode 1
Event: 4.940 Thread 0x000001a01cccdeb0 DEOPT PACKING pc=0x000001a024c51531 sp=0x0000009b246fb210
Event: 4.940 Thread 0x000001a01cccdeb0 DEOPT UNPACKING pc=0x000001a02448dece sp=0x0000009b246fa6e8 mode 1
Event: 4.940 Thread 0x000001a01cccdeb0 DEOPT PACKING pc=0x000001a024c51531 sp=0x0000009b246fb210
Event: 4.940 Thread 0x000001a01cccdeb0 DEOPT UNPACKING pc=0x000001a02448dece sp=0x0000009b246fa6e8 mode 1
Event: 4.941 Thread 0x000001a01cccdeb0 DEOPT PACKING pc=0x000001a025152cec sp=0x0000009b246fbf40
Event: 4.941 Thread 0x000001a01cccdeb0 DEOPT UNPACKING pc=0x000001a02448dece sp=0x0000009b246fb4a8 mode 1
Event: 4.941 Thread 0x000001a01cccdeb0 DEOPT PACKING pc=0x000001a025152cec sp=0x0000009b246fbf40
Event: 4.941 Thread 0x000001a01cccdeb0 DEOPT UNPACKING pc=0x000001a02448dece sp=0x0000009b246fb4a8 mode 1
Event: 4.943 Thread 0x000001a01cccdeb0 Uncommon trap: trap_request=0xffffff45 fr.pc=0x000001a02c10adc4 relative=0x00000000000068c4
Event: 4.943 Thread 0x000001a01cccdeb0 Uncommon trap: reason=unstable_if action=reinterpret pc=0x000001a02c10adc4 method=jdk.internal.org.objectweb.asm.Type.getArgumentsAndReturnSizes(Ljava/lang/String;)I @ 123 c2
Event: 4.943 Thread 0x000001a01cccdeb0 DEOPT PACKING pc=0x000001a02c10adc4 sp=0x0000009b246faaa0
Event: 4.943 Thread 0x000001a01cccdeb0 DEOPT UNPACKING pc=0x000001a02448d72e sp=0x0000009b246fa988 mode 2

Classes unloaded (0 events):
No events

Classes redefined (0 events):
No events

Internal exceptions (20 events):
Event: 4.128 Thread 0x000001a01cccdeb0 Exception <a 'java/lang/NoSuchMethodError'{0x000000008a512920}: 'void java.lang.invoke.DirectMethodHandle$Holder.invokeInterface(java.lang.Object, java.lang.Object, int)'> (0x000000008a512920) 
thrown [t:\workspace\open\src\hotspot\share\interpreter\linkResolver.cpp, line 790]
Event: 4.131 Thread 0x000001a01cccdeb0 Exception <a 'java/lang/NoSuchMethodError'{0x000000008a52d600}: 'int java.lang.invoke.DirectMethodHandle$Holder.invokeVirtual(java.lang.Object, java.lang.Object)'> (0x000000008a52d600) 
thrown [t:\workspace\open\src\hotspot\share\interpreter\linkResolver.cpp, line 790]
Event: 4.136 Thread 0x000001a01cccdeb0 Exception <a 'java/lang/IncompatibleClassChangeError'{0x000000008a568be8}: Found class java.lang.Object, but interface was expected> (0x000000008a568be8) 
thrown [t:\workspace\open\src\hotspot\share\interpreter\linkResolver.cpp, line 857]
Event: 4.136 Thread 0x000001a01cccdeb0 Exception <a 'java/lang/NoSuchMethodError'{0x000000008a56e020}: 'void java.lang.invoke.DirectMethodHandle$Holder.invokeStatic(java.lang.Object, int, java.lang.Object)'> (0x000000008a56e020) 
thrown [t:\workspace\open\src\hotspot\share\interpreter\linkResolver.cpp, line 790]
Event: 4.141 Thread 0x000001a01cccdeb0 Exception <a 'java/lang/NoSuchMethodError'{0x000000008a5a2cf0}: 'int java.lang.invoke.DirectMethodHandle$Holder.invokeSpecial(java.lang.Object, java.lang.Object, int)'> (0x000000008a5a2cf0) 
thrown [t:\workspace\open\src\hotspot\share\interpreter\linkResolver.cpp, line 790]
Event: 4.274 Thread 0x000001a01cccdeb0 Exception <a 'java/lang/NoSuchMethodError'{0x00000000861ec558}: 'java.lang.Object java.lang.invoke.DirectMethodHandle$Holder.invokeStaticInit(java.lang.Object, int, int, int, int)'> (0x00000000861ec558) 
thrown [t:\workspace\open\src\hotspot\share\interpreter\linkResolver.cpp, line 790]
Event: 4.333 Thread 0x000001a01cccdeb0 Exception <a 'java/lang/NoSuchMethodError'{0x0000000086044a08}: 'java.lang.Object java.lang.invoke.DirectMethodHandle$Holder.invokeStaticInit(java.lang.Object, java.lang.Object, int, int, int, int)'> (0x0000000086044a08) 
thrown [t:\workspace\open\src\hotspot\share\interpreter\linkResolver.cpp, line 790]
Event: 4.576 Thread 0x000001a01cccdeb0 Implicit null exception at 0x000001a02bffa1f0 to 0x000001a02bffb2dc
Event: 4.731 Thread 0x000001a01cccdeb0 Exception <a 'java/io/FileNotFoundException'{0x0000000085ceff68}> (0x0000000085ceff68) 
thrown [t:\workspace\open\src\hotspot\share\prims\jni.cpp, line 579]
Event: 4.731 Thread 0x000001a01cccdeb0 Exception <a 'java/io/FileNotFoundException'{0x0000000085cf1790}> (0x0000000085cf1790) 
thrown [t:\workspace\open\src\hotspot\share\prims\jni.cpp, line 579]
Event: 4.739 Thread 0x000001a01cccdeb0 Exception <a 'java/io/FileNotFoundException'{0x0000000085b2e148}> (0x0000000085b2e148) 
thrown [t:\workspace\open\src\hotspot\share\prims\jni.cpp, line 579]
Event: 4.759 Thread 0x000001a01cccdeb0 Exception <a 'java/io/FileNotFoundException'{0x0000000085501be8}> (0x0000000085501be8) 
thrown [t:\workspace\open\src\hotspot\share\prims\jni.cpp, line 579]
Event: 4.791 Thread 0x000001a01cccdeb0 Exception <a 'java/lang/NoSuchMethodError'{0x00000000854eb928}: 'int java.lang.invoke.DirectMethodHandle$Holder.invokeInterface(java.lang.Object, java.lang.Object, java.lang.Object, java.lang.Object)'> (0x00000000854eb928) 
thrown [t:\workspace\open\src\hotspot\share\interpreter\linkResolver.cpp, line 790]
Event: 4.839 Thread 0x000001a01cccdeb0 Exception <a 'java/lang/NoSuchMethodError'{0x00000000851d9320}: 'java.lang.Object java.lang.invoke.DirectMethodHandle$Holder.invokeStaticInit(java.lang.Object, java.lang.Object, java.lang.Object, java.lang.Object)'> (0x00000000851d9320) 
thrown [t:\workspace\open\src\hotspot\share\interpreter\linkResolver.cpp, line 790]
Event: 4.843 Thread 0x000001a01cccdeb0 Exception <a 'java/lang/IncompatibleClassChangeError'{0x000000008500b030}: Found class java.lang.Object, but interface was expected> (0x000000008500b030) 
thrown [t:\workspace\open\src\hotspot\share\interpreter\linkResolver.cpp, line 857]
Event: 4.846 Thread 0x000001a01cccdeb0 Exception <a 'java/lang/IncompatibleClassChangeError'{0x0000000085028200}: Found class java.lang.Object, but interface was expected> (0x0000000085028200) 
thrown [t:\workspace\open\src\hotspot\share\interpreter\linkResolver.cpp, line 857]
Event: 4.852 Thread 0x000001a01cccdeb0 Exception <a 'java/lang/IncompatibleClassChangeError'{0x000000008507c3f0}: Found class java.lang.Object, but interface was expected> (0x000000008507c3f0) 
thrown [t:\workspace\open\src\hotspot\share\interpreter\linkResolver.cpp, line 857]
Event: 4.943 Thread 0x000001a01cccdeb0 Exception <a 'java/lang/NoSuchMethodError'{0x0000000084c21340}: 'double java.lang.invoke.DirectMethodHandle$Holder.invokeStatic(java.lang.Object, java.lang.Object)'> (0x0000000084c21340) 
thrown [t:\workspace\open\src\hotspot\share\interpreter\linkResolver.cpp, line 790]
Event: 4.946 Thread 0x000001a01cccdeb0 Exception <a 'java/lang/NoSuchMethodError'{0x0000000084c337f8}: 'void java.lang.invoke.DirectMethodHandle$Holder.invokeStatic(java.lang.Object, java.lang.Object, double)'> (0x0000000084c337f8) 
thrown [t:\workspace\open\src\hotspot\share\interpreter\linkResolver.cpp, line 790]
Event: 4.949 Thread 0x000001a01cccdeb0 Exception <a 'java/lang/NoSuchMethodError'{0x0000000084c42108}: 'long java.lang.invoke.DirectMethodHandle$Holder.invokeVirtual(java.lang.Object, java.lang.Object)'> (0x0000000084c42108) 
thrown [t:\workspace\open\src\hotspot\share\interpreter\linkResolver.cpp, line 790]

Events (20 events):
Event: 4.944 loading class java/util/stream/ReferencePipeline$6
Event: 4.944 loading class java/util/stream/DoublePipeline$StatelessOp
Event: 4.944 loading class java/util/stream/DoublePipeline
Event: 4.944 loading class java/util/stream/DoubleStream
Event: 4.945 loading class java/util/stream/DoubleStream done
Event: 4.945 loading class java/util/stream/DoublePipeline done
Event: 4.945 loading class java/util/stream/DoublePipeline$StatelessOp done
Event: 4.945 loading class java/util/stream/ReferencePipeline$6 done
Event: 4.946 loading class java/util/function/ObjDoubleConsumer
Event: 4.946 loading class java/util/function/ObjDoubleConsumer done
Event: 4.948 loading class java/util/stream/ReduceOps$16
Event: 4.948 loading class java/util/stream/ReduceOps$16 done
Event: 4.948 loading class java/util/stream/ReduceOps$13ReducingSink
Event: 4.948 loading class java/util/stream/Sink$OfDouble
Event: 4.948 loading class java/util/stream/Sink$OfDouble done
Event: 4.948 loading class java/util/stream/ReduceOps$13ReducingSink done
Event: 4.948 loading class java/util/stream/ReferencePipeline$6$1
Event: 4.948 loading class java/util/stream/ReferencePipeline$6$1 done
Event: 4.948 loading class java/lang/management/MemoryUsage
Event: 4.949 loading class java/lang/management/MemoryUsage done


Dynamic libraries:
0x00007ff7146f0000 - 0x00007ff714700000 	C:\Program Files\Java\jdk-16.0.2\bin\javaw.exe
0x00007ffcbdc30000 - 0x00007ffcbde28000 	C:\WINDOWS\SYSTEM32\ntdll.dll
0x00007ffcbc1d0000 - 0x00007ffcbc28d000 	C:\WINDOWS\System32\KERNEL32.DLL
0x00007ffcbb5f0000 - 0x00007ffcbb8be000 	C:\WINDOWS\System32\KERNELBASE.dll
0x00007ffcbbaa0000 - 0x00007ffcbbba0000 	C:\WINDOWS\System32\ucrtbase.dll
0x00007ffc7d9b0000 - 0x00007ffc7d9c8000 	C:\Program Files\Java\jdk-16.0.2\bin\jli.dll
0x00007ffc767b0000 - 0x00007ffc767c9000 	C:\Program Files\Java\jdk-16.0.2\bin\VCRUNTIME140.dll
0x00007ffcbc620000 - 0x00007ffcbc6ce000 	C:\WINDOWS\System32\ADVAPI32.dll
0x00007ffcbd3a0000 - 0x00007ffcbd43e000 	C:\WINDOWS\System32\msvcrt.dll
0x00007ffcbc290000 - 0x00007ffcbc32c000 	C:\WINDOWS\System32\sechost.dll
0x00007ffcbc6d0000 - 0x00007ffcbc7f5000 	C:\WINDOWS\System32\RPCRT4.dll
0x00007ffcbd450000 - 0x00007ffcbd5f0000 	C:\WINDOWS\System32\USER32.dll
0x00007ffcbb350000 - 0x00007ffcbb372000 	C:\WINDOWS\System32\win32u.dll
0x00007ffc9dcc0000 - 0x00007ffc9df5a000 	C:\WINDOWS\WinSxS\amd64_microsoft.windows.common-controls_6595b64144ccf1df_6.0.19041.1110_none_60b5254171f9507e\COMCTL32.dll
0x00007ffcbdbc0000 - 0x00007ffcbdbea000 	C:\WINDOWS\System32\GDI32.dll
0x00007ffcbb380000 - 0x00007ffcbb48b000 	C:\WINDOWS\System32\gdi32full.dll
0x00007ffcbb970000 - 0x00007ffcbba0d000 	C:\WINDOWS\System32\msvcp_win.dll
0x00007ffcb3ba0000 - 0x00007ffcb3baa000 	C:\WINDOWS\SYSTEM32\VERSION.dll
0x00007ffcbdae0000 - 0x00007ffcbdb10000 	C:\WINDOWS\System32\IMM32.DLL
0x00007ffc91f20000 - 0x00007ffc91f2c000 	C:\Program Files\Java\jdk-16.0.2\bin\vcruntime140_1.dll
0x00007ffc5f1a0000 - 0x00007ffc5f231000 	C:\Program Files\Java\jdk-16.0.2\bin\msvcp140.dll
0x00007ffc1b7f0000 - 0x00007ffc1c39b000 	C:\Program Files\Java\jdk-16.0.2\bin\server\jvm.dll
0x00007ffcbd440000 - 0x00007ffcbd448000 	C:\WINDOWS\System32\PSAPI.DLL
0x00007ffcb0000000 - 0x00007ffcb0027000 	C:\WINDOWS\SYSTEM32\WINMM.dll
0x00007ffcadc00000 - 0x00007ffcadc09000 	C:\WINDOWS\SYSTEM32\WSOCK32.dll
0x00007ffcbbc90000 - 0x00007ffcbbcfb000 	C:\WINDOWS\System32\WS2_32.dll
0x00007ffcb9be0000 - 0x00007ffcb9bf2000 	C:\WINDOWS\SYSTEM32\kernel.appcore.dll
0x00007ffc8ded0000 - 0x00007ffc8deda000 	C:\Program Files\Java\jdk-16.0.2\bin\jimage.dll
0x00007ffcb64c0000 - 0x00007ffcb66a4000 	C:\WINDOWS\SYSTEM32\DBGHELP.DLL
0x00007ffc95300000 - 0x00007ffc9532c000 	C:\WINDOWS\SYSTEM32\dbgcore.DLL
0x00007ffcbba10000 - 0x00007ffcbba92000 	C:\WINDOWS\System32\bcryptPrimitives.dll
0x00007ffca1300000 - 0x00007ffca133b000 	C:\Program Files\Java\jdk-16.0.2\bin\jdwp.dll
0x00007ffcaf110000 - 0x00007ffcaf11e000 	C:\Program Files\Java\jdk-16.0.2\bin\instrument.dll
0x00007ffc60400000 - 0x00007ffc60425000 	C:\Program Files\Java\jdk-16.0.2\bin\java.dll
0x00007ffcbcb70000 - 0x00007ffcbd2b4000 	C:\WINDOWS\System32\SHELL32.dll
0x00007ffcb91a0000 - 0x00007ffcb9934000 	C:\WINDOWS\SYSTEM32\windows.storage.dll
0x00007ffcbd720000 - 0x00007ffcbda74000 	C:\WINDOWS\System32\combase.dll
0x00007ffcbadb0000 - 0x00007ffcbade0000 	C:\WINDOWS\SYSTEM32\Wldp.dll
0x00007ffcbcab0000 - 0x00007ffcbcb5d000 	C:\WINDOWS\System32\SHCORE.dll
0x00007ffcbc3c0000 - 0x00007ffcbc415000 	C:\WINDOWS\System32\shlwapi.dll
0x00007ffcbb290000 - 0x00007ffcbb2af000 	C:\WINDOWS\SYSTEM32\profapi.dll
0x00007ffcaee10000 - 0x00007ffcaee1c000 	C:\Program Files\Java\jdk-16.0.2\bin\dt_socket.dll
0x00007ffcba7b0000 - 0x00007ffcba7eb000 	C:\WINDOWS\SYSTEM32\IPHLPAPI.DLL
0x00007ffcbab10000 - 0x00007ffcbab7a000 	C:\WINDOWS\system32\mswsock.dll
0x00007ffcba7f0000 - 0x00007ffcba8bb000 	C:\WINDOWS\SYSTEM32\DNSAPI.dll
0x00007ffcbcb60000 - 0x00007ffcbcb68000 	C:\WINDOWS\System32\NSI.dll
0x00007ffcad9c0000 - 0x00007ffcad9ca000 	C:\Windows\System32\rasadhlp.dll
0x00007ffcad930000 - 0x00007ffcad9b0000 	C:\WINDOWS\System32\fwpuclnt.dll
0x00007ffcbbc60000 - 0x00007ffcbbc87000 	C:\WINDOWS\System32\bcrypt.dll
0x00007ffc603c0000 - 0x00007ffc603d8000 	C:\Program Files\Java\jdk-16.0.2\bin\zip.dll
0x00007ffc73150000 - 0x00007ffc73169000 	C:\Program Files\Java\jdk-16.0.2\bin\net.dll
0x00007ffcb8b70000 - 0x00007ffcb8c7a000 	C:\WINDOWS\SYSTEM32\WINHTTP.dll
0x00007ffc603e0000 - 0x00007ffc603f3000 	C:\Program Files\Java\jdk-16.0.2\bin\nio.dll
0x00007ffc8b5e0000 - 0x00007ffc8b5f0000 	C:\Program Files\Java\jdk-16.0.2\bin\verify.dll
0x00007ffc75d30000 - 0x00007ffc75d39000 	C:\Program Files\Java\jdk-16.0.2\bin\management.dll
0x00007ffc759a0000 - 0x00007ffc759ab000 	C:\Program Files\Java\jdk-16.0.2\bin\management_ext.dll
0x00007ffcadbe0000 - 0x00007ffcadbf7000 	C:\WINDOWS\system32\napinsp.dll
0x00007ffcadbc0000 - 0x00007ffcadbdb000 	C:\WINDOWS\system32\pnrpnsp.dll
0x00007ffcb5680000 - 0x00007ffcb5695000 	C:\WINDOWS\system32\wshbth.dll
0x00007ffcb6160000 - 0x00007ffcb617d000 	C:\WINDOWS\system32\NLAapi.dll
0x00007ffcadad0000 - 0x00007ffcadae2000 	C:\WINDOWS\System32\winrnr.dll
0x00007ffcbad00000 - 0x00007ffcbad18000 	C:\WINDOWS\SYSTEM32\CRYPTSP.dll
0x00007ffcba420000 - 0x00007ffcba454000 	C:\WINDOWS\system32\rsaenh.dll
0x00007ffcbb210000 - 0x00007ffcbb23e000 	C:\WINDOWS\SYSTEM32\USERENV.dll
0x00007ffcbad20000 - 0x00007ffcbad2c000 	C:\WINDOWS\SYSTEM32\CRYPTBASE.dll
0x00007ffcac910000 - 0x00007ffcac927000 	C:\WINDOWS\SYSTEM32\dhcpcsvc6.DLL
0x00007ffcada90000 - 0x00007ffcadaad000 	C:\WINDOWS\SYSTEM32\dhcpcsvc.DLL

dbghelp: loaded successfully - version: 4.0.5 - missing functions: none
symbol engine: initialized successfully - sym options: 0x614 - pdb path: .;C:\Program Files\Java\jdk-16.0.2\bin;C:\WINDOWS\SYSTEM32;C:\WINDOWS\WinSxS\amd64_microsoft.windows.common-controls_6595b64144ccf1df_6.0.19041.1110_none_60b5254171f9507e;C:\Program Files\Java\jdk-16.0.2\bin\server

VM Arguments:
jvm_args: -XX:+ShowCodeDetailsInExceptionMessages -agentlib:jdwp=transport=dt_socket,suspend=y,address=localhost:54590 -javaagent:C:\Users\Arsito\eclipse\java-2021-09\eclipse\configuration\org.eclipse.osgi\559\0\.cp\lib\javaagent-shaded.jar -Dfile.encoding=UTF-8 
java_command: com.ontimize.atomicHotelsApiRest.ServerApplication
java_class_path (initial): C:\Users\Arsito\Documents\proyectos eclipse\BBE-2022-G3\atomicHotelsApiRest-boot\target\classes;C:\Users\Arsito\Documents\proyectos eclipse\BBE-2022-G3\atomicHotelsApiRest-api\target\classes;C:\Users\Arsito\.m2\repository\com\ontimize\jee\ontimize-jee-common\5.4.0\ontimize-jee-common-5.4.0.jar;C:\Users\Arsito\.m2\repository\org\springframework\spring-beans\5.3.7\spring-beans-5.3.7.jar;C:\Users\Arsito\.m2\repository\org\springframework\spring-core\5.3.7\spring-core-5.3.7.jar;C:\Users\Arsito\.m2\repository\org\springframework\spring-jcl\5.3.7\spring-jcl-5.3.7.jar;C:\Users\Arsito\.m2\repository\org\springframework\spring-context\5.3.7\spring-context-5.3.7.jar;C:\Users\Arsito\.m2\repository\org\springframework\spring-expression\5.3.7\spring-expression-5.3.7.jar;C:\Users\Arsito\.m2\repository\org\springframework\spring-aop\5.3.7\spring-aop-5.3.7.jar;C:\Users\Arsito\.m2\repository\org\springframework\spring-web\5.3.7\spring-web-5.3.7.jar;C:\Users\Arsito\.m2\repository\org\springframework\security\spring-security-core\5.5.0\spring-security-core-5.5.0.jar;C:\Users\Arsito\.m2\repository\org\springframework\security\spring-security-crypto\5.5.0\spring-security-crypto-5.5.0.jar;C:\Users\Arsito\.m2\repository\org\aspectj\aspectjweaver\1.9.6\aspectjweaver-1.9.6.jar;C:\Users\Arsito\.m2\repository\org\apache\commons\commons-lang3\3.12.0\commons-lang3-3.12.0.jar;C:\Users\Arsito\.m2\repository\commons-io\commons-io\2.7\commons-io-2.7.jar;C:\Users\Arsito\.m2\repository\com\fasterxml\jackson\core\jackson-databind\2.12.3\jackson-databind-2.12.3.jar;C:\Users\Arsito\.m2\repository\com\fasterxml\jackson\core\jackson-core\2.12.3\jackson-core-2.12.3.jar;C:\Users\Arsito\.m2\repository\com\fasterxml\jackson\core\jackson-annotations\2.12.3\jackson-annotations-2.12.3.jar;C:\Users\Arsito\.m2\repository\org\slf4j\slf4j-api\1.7.30\slf4j-api-1.7.30.jar;C:\Users\Arsito\.m2\repository\ch\qos\logback\logback-classic\1.2.3\logback-classic-1.2.3.jar;C:\Users\Arsito\.m2\repos
Launcher Type: SUN_STANDARD

[Global flags]
     intx CICompilerCount                          = 4                                         {product} {ergonomic}
     uint ConcGCThreads                            = 2                                         {product} {ergonomic}
     uint G1ConcRefinementThreads                  = 8                                         {product} {ergonomic}
   size_t G1HeapRegionSize                         = 1048576                                   {product} {ergonomic}
    uintx GCDrainStackTargetSize                   = 64                                        {product} {ergonomic}
   size_t InitialHeapSize                          = 132120576                                 {product} {ergonomic}
   size_t MarkStackSize                            = 4194304                                   {product} {ergonomic}
   size_t MaxHeapSize                              = 2105540608                                {product} {ergonomic}
   size_t MaxNewSize                               = 1262485504                                {product} {ergonomic}
   size_t MinHeapDeltaBytes                        = 1048576                                   {product} {ergonomic}
   size_t MinHeapSize                              = 8388608                                   {product} {ergonomic}
    uintx NonNMethodCodeHeapSize                   = 5839372                                {pd product} {ergonomic}
    uintx NonProfiledCodeHeapSize                  = 122909434                              {pd product} {ergonomic}
    uintx ProfiledCodeHeapSize                     = 122909434                              {pd product} {ergonomic}
    uintx ReservedCodeCacheSize                    = 251658240                              {pd product} {ergonomic}
     bool SegmentedCodeCache                       = true                                      {product} {ergonomic}
     bool ShowCodeDetailsInExceptionMessages       = true                                   {manageable} {command line}
   size_t SoftMaxHeapSize                          = 2105540608                             {manageable} {ergonomic}
     bool UseCompressedClassPointers               = true                           {product lp64_product} {ergonomic}
     bool UseCompressedOops                        = true                           {product lp64_product} {ergonomic}
     bool UseG1GC                                  = true                                      {product} {ergonomic}
     bool UseLargePagesIndividualAllocation        = false                                  {pd product} {ergonomic}

Logging:
Log output configuration:
 #0: stdout all=warning uptime,level,tags
 #1: stderr all=off uptime,level,tags

Environment Variables:
JAVA_HOME=C:\Program Files\Java\jdk-15\
PATH=C:\Program Files\Common Files\Oracle\Java\javapath;C:\Program Files (x86)\Common Files\Oracle\Java\javapath;C:\Program Files (x86)\Intel\Intel(R) Management Engine Components\iCLS\;C:\Program Files\Intel\Intel(R) Management Engine Components\iCLS\;C:\windows\system32;C:\windows;C:\windows\System32\Wbem;C:\windows\System32\WindowsPowerShell\v1.0\;C:\windows\System32\OpenSSH\;C:\Program Files (x86)\Intel\Intel(R) Management Engine Components\DAL;C:\Program Files\Intel\Intel(R) Management Engine Components\DAL;C:\Program Files (x86)\NVIDIA Corporation\PhysX\Common;C:\Program Files\Intel\WiFi\bin\;C:\Program Files\Common Files\Intel\WirelessCommon\;C:\Program Files\NVIDIA Corporation\NVIDIA NvDLISR;C:\WINDOWS\system32;C:\WINDOWS;C:\WINDOWS\System32\Wbem;C:\WINDOWS\System32\WindowsPowerShell\v1.0\;C:\WINDOWS\System32\OpenSSH\;%JAVA_HOME%\bin;C:\Program Files\PuTTY\;C:\Program Files\Git\cmd;C:\Users\Arsito\Documents\proyectos git\BootCamp-Campus-Dual-Imatia\apache-maven-3.8.6\bin;C:\Users\Arsito\AppData\Local\Microsoft\WindowsApps;;C:\Users\Arsito\AppData\Local\Programs\Microsoft VS Code\bin;C:\Program Files\JetBrains\PyCharm Community Edition 2021.2.2\bin;
USERNAME=Arsito
OS=Windows_NT
PROCESSOR_IDENTIFIER=Intel64 Family 6 Model 142 Stepping 10, GenuineIntel



---------------  S Y S T E M  ---------------

OS:
 Windows 10 , 64 bit Build 19041 (10.0.19041.1806)
OS uptime: 10 days 11:35 hours

CPU: total 8 (initial active 8) (4 cores per cpu, 2 threads per core) family 6 model 142 stepping 10 microcode 0xb4, cx8, cmov, fxsr, ht, mmx, 3dnowpref, sse, sse2, sse3, ssse3, sse4.1, sse4.2, popcnt, lzcnt, tsc, tscinvbit, avx, avx2, aes, erms, clmul, bmi1, bmi2, adx, fma, vzeroupper, clflush, clflushopt

Memory: 4k page, system-wide physical 8026M (569M free)
TotalPageFile size 11026M (AvailPageFile size 3M)
current process WorkingSet (physical memory assigned to process): 357M, peak: 357M
current process commit charge ("private bytes"): 401M, peak: 401M

vm_info: Java HotSpot(TM) 64-Bit Server VM (16.0.2+7-67) for windows-amd64 JRE (16.0.2+7-67), built on Jun  8 2021 23:24:19 by "mach5one" with MS VC++ 16.7 (VS2019)

END.
