#
# There is insufficient memory for the Java Runtime Environment to continue.
# Native memory allocation (malloc) failed to allocate 677440 bytes for Chunk::new
# Possible reasons:
#   The system is out of physical RAM or swap space
#   The process is running with CompressedOops enabled, and the Java Heap may be blocking the growth of the native heap
# Possible solutions:
#   Reduce memory load on the system
#   Increase physical memory or swap space
#   Check if swap backing store is full
#   Decrease Java heap size (-Xmx/-Xms)
#   Decrease number of Java threads
#   Decrease Java thread stack sizes (-Xss)
#   Set larger code cache with -XX:ReservedCodeCacheSize=
#   JVM is running with Unscaled Compressed Oops mode in which the Java heap is
#     placed in the first 4GB address space. The Java Heap base address is the
#     maximum limit for the native heap growth. Please use -XX:HeapBaseMinAddress
#     to set the Java Heap base and to place the Java Heap above 4GB virtual address.
# This output file may be truncated or incomplete.
#
#  Out of Memory Error (arena.cpp:195), pid=10076, tid=13984
#
# JRE version: Java(TM) SE Runtime Environment (16.0.2+7) (build 16.0.2+7-67)
# Java VM: Java HotSpot(TM) 64-Bit Server VM (16.0.2+7-67, mixed mode, sharing, tiered, compressed oops, compressed class ptrs, g1 gc, windows-amd64)
# No core dump will be written. Minidumps are not enabled by default on client versions of Windows
#

---------------  S U M M A R Y ------------

Command Line: -Dfile.encoding=UTF-8 -XX:+ShowCodeDetailsInExceptionMessages com.ontimize.atomicHotelsApiRest.ServerApplication

Host: Intel(R) Core(TM) i5-8250U CPU @ 1.60GHz, 8 cores, 7G,  Windows 10 , 64 bit Build 19041 (10.0.19041.1806)
Time: Fri Jul 22 11:37:56 2022 Hora de verano romance elapsed time: 13.562073 seconds (0d 0h 0m 13s)

---------------  T H R E A D  ---------------

Current thread (0x00000250a6b3b020):  JavaThread "C2 CompilerThread1" daemon [_thread_in_native, id=13984, stack(0x000000f292a00000,0x000000f292b00000)]


Current CompileTask:
C2:  13562 6115       4       java.util.regex.Pattern::split (288 bytes)

Stack: [0x000000f292a00000,0x000000f292b00000]
Native frames: (J=compiled Java code, j=interpreted, Vv=VM code, C=native code)
V  [jvm.dll+0x6681ca]
V  [jvm.dll+0x7c9e69]
V  [jvm.dll+0x7cb61e]
V  [jvm.dll+0x7cbc73]
V  [jvm.dll+0x242c55]
V  [jvm.dll+0xadeba]
V  [jvm.dll+0xae45c]
V  [jvm.dll+0x35a8d7]
V  [jvm.dll+0x1b9cc1]
V  [jvm.dll+0x215e16]
V  [jvm.dll+0x215100]
V  [jvm.dll+0x1a1beb]
V  [jvm.dll+0x225158]
V  [jvm.dll+0x22319c]
V  [jvm.dll+0x77fa62]
V  [jvm.dll+0x7795aa]
V  [jvm.dll+0x667066]
C  [ucrtbase.dll+0x21bb2]
C  [KERNEL32.DLL+0x17034]
C  [ntdll.dll+0x52651]


---------------  P R O C E S S  ---------------

Threads class SMR info:
_java_thread_list=0x00000250adb05370, length=31, elements={
0x00000250a4e92340, 0x00000250a4e93110, 0x00000250a4ea0e60, 0x00000250a4ea3880,
0x00000250a4ea4190, 0x00000250a4ea8fb0, 0x00000250a4eb1cb0, 0x00000250a4eb26b0,
0x00000250a4ec73f0, 0x00000250a59d4f90, 0x00000250a59e6510, 0x00000250a7328b00,
0x00000250a9272470, 0x00000250a8fe64a0, 0x00000250a8fe79e0, 0x00000250a8fe7490,
0x00000250a8fe4f60, 0x00000250a8fe5a00, 0x00000250a8fe54b0, 0x00000250a8fe69f0,
0x00000250a8fe7f30, 0x00000250a8fe6f40, 0x00000250a8fe8480, 0x00000250abb35850,
0x00000250abb2f8b0, 0x00000250abb35300, 0x00000250abb33dc0, 0x00000250abb30350,
0x00000250abb32880, 0x00000250abb34310, 0x00000250a6b3b020
}

Java Threads: ( => current thread )
  0x00000250a4e92340 JavaThread "Reference Handler" daemon [_thread_blocked, id=11204, stack(0x000000f291e00000,0x000000f291f00000)]
  0x00000250a4e93110 JavaThread "Finalizer" daemon [_thread_blocked, id=10696, stack(0x000000f291f00000,0x000000f292000000)]
  0x00000250a4ea0e60 JavaThread "Signal Dispatcher" daemon [_thread_blocked, id=15332, stack(0x000000f292000000,0x000000f292100000)]
  0x00000250a4ea3880 JavaThread "Attach Listener" daemon [_thread_blocked, id=10664, stack(0x000000f292100000,0x000000f292200000)]
  0x00000250a4ea4190 JavaThread "Service Thread" daemon [_thread_blocked, id=13176, stack(0x000000f292200000,0x000000f292300000)]
  0x00000250a4ea8fb0 JavaThread "Monitor Deflation Thread" daemon [_thread_blocked, id=8668, stack(0x000000f292300000,0x000000f292400000)]
  0x00000250a4eb1cb0 JavaThread "C2 CompilerThread0" daemon [_thread_in_native, id=5196, stack(0x000000f292400000,0x000000f292500000)]
  0x00000250a4eb26b0 JavaThread "C1 CompilerThread0" daemon [_thread_blocked, id=616, stack(0x000000f292500000,0x000000f292600000)]
  0x00000250a4ec73f0 JavaThread "Sweeper thread" daemon [_thread_blocked, id=15552, stack(0x000000f292600000,0x000000f292700000)]
  0x00000250a59d4f90 JavaThread "Notification Thread" daemon [_thread_blocked, id=14916, stack(0x000000f292700000,0x000000f292800000)]
  0x00000250a59e6510 JavaThread "Common-Cleaner" daemon [_thread_blocked, id=3192, stack(0x000000f292900000,0x000000f292a00000)]
  0x00000250a7328b00 JavaThread "Catalina-utility-1" [_thread_blocked, id=8100, stack(0x000000f293400000,0x000000f293500000)]
  0x00000250a9272470 JavaThread "Catalina-utility-2" [_thread_blocked, id=10524, stack(0x000000f293500000,0x000000f293600000)]
  0x00000250a8fe64a0 JavaThread "container-0" [_thread_blocked, id=3856, stack(0x000000f293600000,0x000000f293700000)]
  0x00000250a8fe79e0 JavaThread "http-nio-33333-BlockPoller" daemon [_thread_in_native, id=11764, stack(0x000000f293700000,0x000000f293800000)]
  0x00000250a8fe7490 JavaThread "http-nio-33333-exec-1" daemon [_thread_blocked, id=13748, stack(0x000000f293800000,0x000000f293900000)]
  0x00000250a8fe4f60 JavaThread "http-nio-33333-exec-2" daemon [_thread_blocked, id=4040, stack(0x000000f293900000,0x000000f293a00000)]
  0x00000250a8fe5a00 JavaThread "http-nio-33333-exec-3" daemon [_thread_blocked, id=11896, stack(0x000000f293a00000,0x000000f293b00000)]
  0x00000250a8fe54b0 JavaThread "http-nio-33333-exec-4" daemon [_thread_blocked, id=10940, stack(0x000000f293b00000,0x000000f293c00000)]
  0x00000250a8fe69f0 JavaThread "http-nio-33333-exec-5" daemon [_thread_blocked, id=10392, stack(0x000000f293c00000,0x000000f293d00000)]
  0x00000250a8fe7f30 JavaThread "http-nio-33333-exec-6" daemon [_thread_blocked, id=12188, stack(0x000000f293d00000,0x000000f293e00000)]
  0x00000250a8fe6f40 JavaThread "http-nio-33333-exec-7" daemon [_thread_blocked, id=11632, stack(0x000000f293e00000,0x000000f293f00000)]
  0x00000250a8fe8480 JavaThread "http-nio-33333-exec-8" daemon [_thread_blocked, id=468, stack(0x000000f293f00000,0x000000f294000000)]
  0x00000250abb35850 JavaThread "http-nio-33333-exec-9" daemon [_thread_blocked, id=8016, stack(0x000000f294000000,0x000000f294100000)]
  0x00000250abb2f8b0 JavaThread "http-nio-33333-exec-10" daemon [_thread_blocked, id=15748, stack(0x000000f294100000,0x000000f294200000)]
  0x00000250abb35300 JavaThread "http-nio-33333-ClientPoller" daemon [_thread_in_native, id=12156, stack(0x000000f294200000,0x000000f294300000)]
  0x00000250abb33dc0 JavaThread "http-nio-33333-Acceptor" daemon [_thread_in_native, id=16224, stack(0x000000f294300000,0x000000f294400000)]
  0x00000250abb30350 JavaThread "DestroyJavaVM" [_thread_blocked, id=9736, stack(0x000000f291700000,0x000000f291800000)]
  0x00000250abb32880 JavaThread "HikariPool-1 housekeeper" daemon [_thread_blocked, id=4932, stack(0x000000f293300000,0x000000f293400000)]
  0x00000250abb34310 JavaThread "HikariPool-1 connection adder" daemon [_thread_in_native, id=14716, stack(0x000000f294500000,0x000000f294600000)]
=>0x00000250a6b3b020 JavaThread "C2 CompilerThread1" daemon [_thread_in_native, id=13984, stack(0x000000f292a00000,0x000000f292b00000)]

Other Threads:
  0x00000250a4e8e7e0 VMThread "VM Thread" [stack: 0x000000f291d00000,0x000000f291e00000] [id=10168]
  0x00000250a59d68d0 WatcherThread [stack: 0x000000f292800000,0x000000f292900000] [id=1960]
  0x0000025084ffe1f0 GCTaskThread "GC Thread#0" [stack: 0x000000f291800000,0x000000f291900000] [id=4268]
  0x00000250a6519c10 GCTaskThread "GC Thread#1" [stack: 0x000000f292b00000,0x000000f292c00000] [id=16148]
  0x00000250a67d4820 GCTaskThread "GC Thread#2" [stack: 0x000000f292c00000,0x000000f292d00000] [id=4200]
  0x00000250a66e25c0 GCTaskThread "GC Thread#3" [stack: 0x000000f292d00000,0x000000f292e00000] [id=12408]
  0x00000250a641dd90 GCTaskThread "GC Thread#4" [stack: 0x000000f292e00000,0x000000f292f00000] [id=15432]
  0x00000250a640e080 GCTaskThread "GC Thread#5" [stack: 0x000000f292f00000,0x000000f293000000] [id=15648]
  0x00000250a68a7ef0 GCTaskThread "GC Thread#6" [stack: 0x000000f293100000,0x000000f293200000] [id=14512]
  0x00000250a68a8200 GCTaskThread "GC Thread#7" [stack: 0x000000f293200000,0x000000f293300000] [id=11140]
  0x000002508500f460 ConcurrentGCThread "G1 Main Marker" [stack: 0x000000f291900000,0x000000f291a00000] [id=8780]
  0x000002508500fe60 ConcurrentGCThread "G1 Conc#0" [stack: 0x000000f291a00000,0x000000f291b00000] [id=6236]
  0x00000250a8666070 ConcurrentGCThread "G1 Conc#1" [stack: 0x000000f293000000,0x000000f293100000] [id=12808]
  0x0000025085089610 ConcurrentGCThread "G1 Refine#0" [stack: 0x000000f291b00000,0x000000f291c00000] [id=13552]
  0x00000250a4d401f0 ConcurrentGCThread "G1 Service" [stack: 0x000000f291c00000,0x000000f291d00000] [id=8004]

Threads with active compile tasks:
C2 CompilerThread0    13588 6123       4       sun.security.ec.ECOperations::setDouble (559 bytes)
C2 CompilerThread1    13588 6115       4       java.util.regex.Pattern::split (288 bytes)

VM state: not at safepoint (normal execution)

VM Mutex/Monitor currently owned by a thread: None

Heap address: 0x0000000082800000, size: 2008 MB, Compressed Oops mode: 32-bit

CDS archive(s) mapped at: [0x0000000800000000-0x0000000800bb0000-0x0000000800bb0000), size 12255232, SharedBaseAddress: 0x0000000800000000, ArchiveRelocationMode: 0.
Compressed class space mapped at: 0x0000000800c00000-0x0000000840c00000, reserved size: 1073741824
Narrow klass base: 0x0000000800000000, Narrow klass shift: 3, Narrow klass range: 0x100000000

GC Precious Log:
 CPUs: 8 total, 8 available
 Memory: 8026M
 Large Page Support: Disabled
 NUMA Support: Disabled
 Compressed Oops: Enabled (32-bit)
 Heap Region Size: 1M
 Heap Min Capacity: 8M
 Heap Initial Capacity: 126M
 Heap Max Capacity: 2008M
 Pre-touch: Disabled
 Parallel Workers: 8
 Concurrent Workers: 2
 Concurrent Refinement Workers: 8
 Periodic GC: Disabled

Heap:
 garbage-first heap   total 66560K, used 41221K [0x0000000082800000, 0x0000000100000000)
  region size 1024K, 15 young (15360K), 4 survivors (4096K)
 Metaspace       used 50932K, committed 51328K, reserved 1097728K
  class space    used 6230K, committed 6400K, reserved 1048576K

Heap Regions: E=young(eden), S=young(survivor), O=old, HS=humongous(starts), HC=humongous(continues), CS=collection set, F=free, OA=open archive, CA=closed archive, TAMS=top-at-mark-start (previous, next)
|   0|0x0000000082800000, 0x0000000082900000, 0x0000000082900000|100%|HS|  |TAMS 0x0000000082900000, 0x0000000082800000| Complete 
|   1|0x0000000082900000, 0x0000000082a00000, 0x0000000082a00000|100%| O|  |TAMS 0x0000000082a00000, 0x0000000082900000| Untracked 
|   2|0x0000000082a00000, 0x0000000082b00000, 0x0000000082b00000|100%| O|  |TAMS 0x0000000082b00000, 0x0000000082a00000| Untracked 
|   3|0x0000000082b00000, 0x0000000082c00000, 0x0000000082c00000|100%| O|  |TAMS 0x0000000082c00000, 0x0000000082b00000| Untracked 
|   4|0x0000000082c00000, 0x0000000082d00000, 0x0000000082d00000|100%| O|  |TAMS 0x0000000082d00000, 0x0000000082c00000| Untracked 
|   5|0x0000000082d00000, 0x0000000082e00000, 0x0000000082e00000|100%| O|  |TAMS 0x0000000082e00000, 0x0000000082d00000| Untracked 
|   6|0x0000000082e00000, 0x0000000082f00000, 0x0000000082f00000|100%| O|  |TAMS 0x0000000082f00000, 0x0000000082e00000| Untracked 
|   7|0x0000000082f00000, 0x0000000083000000, 0x0000000083000000|100%| O|  |TAMS 0x0000000083000000, 0x0000000082f00000| Untracked 
|   8|0x0000000083000000, 0x0000000083100000, 0x0000000083100000|100%| O|  |TAMS 0x0000000083100000, 0x0000000083000000| Untracked 
|   9|0x0000000083100000, 0x0000000083135800, 0x0000000083200000| 20%| O|  |TAMS 0x0000000083135800, 0x0000000083100000| Untracked 
|  10|0x0000000083200000, 0x0000000083300000, 0x0000000083300000|100%| O|  |TAMS 0x0000000083300000, 0x0000000083200000| Untracked 
|  11|0x0000000083300000, 0x0000000083400000, 0x0000000083400000|100%| O|  |TAMS 0x0000000083400000, 0x0000000083300000| Untracked 
|  12|0x0000000083400000, 0x0000000083500000, 0x0000000083500000|100%| O|  |TAMS 0x0000000083500000, 0x0000000083400000| Untracked 
|  13|0x0000000083500000, 0x0000000083600000, 0x0000000083600000|100%| O|  |TAMS 0x0000000083600000, 0x0000000083500000| Untracked 
|  14|0x0000000083600000, 0x0000000083700000, 0x0000000083700000|100%| O|  |TAMS 0x0000000083700000, 0x0000000083600000| Untracked 
|  15|0x0000000083700000, 0x0000000083800000, 0x0000000083800000|100%| O|  |TAMS 0x0000000083800000, 0x0000000083700000| Untracked 
|  16|0x0000000083800000, 0x0000000083900000, 0x0000000083900000|100%| O|  |TAMS 0x0000000083900000, 0x0000000083800000| Untracked 
|  17|0x0000000083900000, 0x0000000083a00000, 0x0000000083a00000|100%| O|  |TAMS 0x0000000083a00000, 0x0000000083900000| Untracked 
|  18|0x0000000083a00000, 0x0000000083b00000, 0x0000000083b00000|100%| O|  |TAMS 0x0000000083b00000, 0x0000000083a00000| Untracked 
|  19|0x0000000083b00000, 0x0000000083c00000, 0x0000000083c00000|100%| O|  |TAMS 0x0000000083c00000, 0x0000000083b00000| Untracked 
|  20|0x0000000083c00000, 0x0000000083d00000, 0x0000000083d00000|100%| O|  |TAMS 0x0000000083d00000, 0x0000000083c00000| Untracked 
|  21|0x0000000083d00000, 0x0000000083e00000, 0x0000000083e00000|100%| O|  |TAMS 0x0000000083d11600, 0x0000000083d00000| Untracked 
|  22|0x0000000083e00000, 0x0000000083f00000, 0x0000000083f00000|100%| O|  |TAMS 0x0000000083f00000, 0x0000000083e00000| Untracked 
|  23|0x0000000083f00000, 0x0000000084000000, 0x0000000084000000|100%| O|  |TAMS 0x0000000083f00000, 0x0000000083f00000| Untracked 
|  24|0x0000000084000000, 0x0000000084100000, 0x0000000084100000|100%| O|  |TAMS 0x0000000084000000, 0x0000000084000000| Untracked 
|  25|0x0000000084100000, 0x0000000084200000, 0x0000000084200000|100%| O|  |TAMS 0x0000000084100000, 0x0000000084100000| Untracked 
|  26|0x0000000084200000, 0x0000000084300000, 0x0000000084300000|100%| O|  |TAMS 0x0000000084200000, 0x0000000084200000| Untracked 
|  27|0x0000000084300000, 0x00000000843b1a00, 0x0000000084400000| 69%| O|  |TAMS 0x0000000084300000, 0x0000000084300000| Untracked 
|  28|0x0000000084400000, 0x0000000084400000, 0x0000000084500000|  0%| F|  |TAMS 0x0000000084400000, 0x0000000084400000| Untracked 
|  29|0x0000000084500000, 0x0000000084500000, 0x0000000084600000|  0%| F|  |TAMS 0x0000000084500000, 0x0000000084500000| Untracked 
|  30|0x0000000084600000, 0x0000000084600000, 0x0000000084700000|  0%| F|  |TAMS 0x0000000084600000, 0x0000000084600000| Untracked 
|  31|0x0000000084700000, 0x0000000084700000, 0x0000000084800000|  0%| F|  |TAMS 0x0000000084700000, 0x0000000084700000| Untracked 
|  32|0x0000000084800000, 0x0000000084800000, 0x0000000084900000|  0%| F|  |TAMS 0x0000000084800000, 0x0000000084800000| Untracked 
|  33|0x0000000084900000, 0x0000000084900000, 0x0000000084a00000|  0%| F|  |TAMS 0x0000000084900000, 0x0000000084900000| Untracked 
|  34|0x0000000084a00000, 0x0000000084a00000, 0x0000000084b00000|  0%| F|  |TAMS 0x0000000084a00000, 0x0000000084a00000| Untracked 
|  35|0x0000000084b00000, 0x0000000084b00000, 0x0000000084c00000|  0%| F|  |TAMS 0x0000000084b00000, 0x0000000084b00000| Untracked 
|  36|0x0000000084c00000, 0x0000000084c5a5c8, 0x0000000084d00000| 35%| S|CS|TAMS 0x0000000084c00000, 0x0000000084c00000| Complete 
|  37|0x0000000084d00000, 0x0000000084e00000, 0x0000000084e00000|100%| S|CS|TAMS 0x0000000084d00000, 0x0000000084d00000| Complete 
|  38|0x0000000084e00000, 0x0000000084f00000, 0x0000000084f00000|100%| S|CS|TAMS 0x0000000084e00000, 0x0000000084e00000| Complete 
|  39|0x0000000084f00000, 0x0000000084f00000, 0x0000000085000000|  0%| F|  |TAMS 0x0000000084f00000, 0x0000000084f00000| Untracked 
|  40|0x0000000085000000, 0x0000000085000000, 0x0000000085100000|  0%| F|  |TAMS 0x0000000085000000, 0x0000000085000000| Untracked 
|  41|0x0000000085100000, 0x0000000085100000, 0x0000000085200000|  0%| F|  |TAMS 0x0000000085100000, 0x0000000085100000| Untracked 
|  42|0x0000000085200000, 0x0000000085300000, 0x0000000085300000|100%| S|CS|TAMS 0x0000000085200000, 0x0000000085200000| Complete 
|  43|0x0000000085300000, 0x0000000085300000, 0x0000000085400000|  0%| F|  |TAMS 0x0000000085300000, 0x0000000085300000| Untracked 
|  44|0x0000000085400000, 0x0000000085400000, 0x0000000085500000|  0%| F|  |TAMS 0x0000000085400000, 0x0000000085400000| Untracked 
|  45|0x0000000085500000, 0x0000000085500000, 0x0000000085600000|  0%| F|  |TAMS 0x0000000085500000, 0x0000000085500000| Untracked 
|  46|0x0000000085600000, 0x0000000085600000, 0x0000000085700000|  0%| F|  |TAMS 0x0000000085600000, 0x0000000085600000| Untracked 
|  47|0x0000000085700000, 0x0000000085700000, 0x0000000085800000|  0%| F|  |TAMS 0x0000000085700000, 0x0000000085700000| Untracked 
|  48|0x0000000085800000, 0x0000000085800000, 0x0000000085900000|  0%| F|  |TAMS 0x0000000085800000, 0x0000000085800000| Untracked 
|  49|0x0000000085900000, 0x0000000085900000, 0x0000000085a00000|  0%| F|  |TAMS 0x0000000085900000, 0x0000000085900000| Untracked 
|  50|0x0000000085a00000, 0x0000000085a00000, 0x0000000085b00000|  0%| F|  |TAMS 0x0000000085a00000, 0x0000000085a00000| Untracked 
|  51|0x0000000085b00000, 0x0000000085b00000, 0x0000000085c00000|  0%| F|  |TAMS 0x0000000085b00000, 0x0000000085b00000| Untracked 
|  52|0x0000000085c00000, 0x0000000085c00000, 0x0000000085d00000|  0%| F|  |TAMS 0x0000000085c00000, 0x0000000085c00000| Untracked 
|  53|0x0000000085d00000, 0x0000000085d00000, 0x0000000085e00000|  0%| F|  |TAMS 0x0000000085d00000, 0x0000000085d00000| Untracked 
|  54|0x0000000085e00000, 0x0000000085e87be0, 0x0000000085f00000| 53%| E|  |TAMS 0x0000000085e00000, 0x0000000085e00000| Complete 
|  55|0x0000000085f00000, 0x0000000086000000, 0x0000000086000000|100%| E|CS|TAMS 0x0000000085f00000, 0x0000000085f00000| Complete 
|  56|0x0000000086000000, 0x0000000086100000, 0x0000000086100000|100%| E|CS|TAMS 0x0000000086000000, 0x0000000086000000| Complete 
|  57|0x0000000086100000, 0x0000000086200000, 0x0000000086200000|100%| E|CS|TAMS 0x0000000086100000, 0x0000000086100000| Complete 
|  58|0x0000000086200000, 0x0000000086300000, 0x0000000086300000|100%| E|CS|TAMS 0x0000000086200000, 0x0000000086200000| Complete 
|  95|0x0000000088700000, 0x0000000088800000, 0x0000000088800000|100%| E|CS|TAMS 0x0000000088700000, 0x0000000088700000| Complete 
|  96|0x0000000088800000, 0x0000000088900000, 0x0000000088900000|100%| E|CS|TAMS 0x0000000088800000, 0x0000000088800000| Complete 
|  97|0x0000000088900000, 0x0000000088a00000, 0x0000000088a00000|100%| E|CS|TAMS 0x0000000088900000, 0x0000000088900000| Complete 
|  98|0x0000000088a00000, 0x0000000088b00000, 0x0000000088b00000|100%| E|CS|TAMS 0x0000000088a00000, 0x0000000088a00000| Complete 
|  99|0x0000000088b00000, 0x0000000088c00000, 0x0000000088c00000|100%| E|CS|TAMS 0x0000000088b00000, 0x0000000088b00000| Complete 
| 125|0x000000008a500000, 0x000000008a600000, 0x000000008a600000|100%| E|CS|TAMS 0x000000008a500000, 0x000000008a500000| Complete 

Card table byte_map: [0x000002509dd70000,0x000002509e160000] _byte_map_base: 0x000002509d95c000

Marking Bits (Prev, Next): (CMBitMap*) 0x0000025084ffe770, (CMBitMap*) 0x0000025084ffe7b0
 Prev Bits: [0x000002509e550000, 0x00000250a04b0000)
 Next Bits: [0x00000250a04b0000, 0x00000250a2410000)

Polling page: 0x0000025085090000

Metaspace:

Usage:
  Non-class:     43.65 MB used.
      Class:      6.08 MB used.
       Both:     49.74 MB used.

Virtual space:
  Non-class space:       48.00 MB reserved,      43.88 MB ( 91%) committed,  6 nodes.
      Class space:        1.00 GB reserved,       6.25 MB ( <1%) committed,  1 nodes.
              Both:        1.05 GB reserved,      50.12 MB (  5%) committed. 

Chunk freelists:
   Non-Class:  34.00 KB
       Class:  1.70 MB
        Both:  1.73 MB

MaxMetaspaceSize: 17179869184.00 GB
CompressedClassSpaceSize: 1.00 GB
 - commit_granule_bytes: 65536.
 - commit_granule_words: 8192.
 - virtual_space_node_default_size: 1048576.
 - enlarge_chunks_in_place: 1.
 - new_chunks_are_fully_committed: 0.
 - uncommit_free_chunks: 1.
 - use_allocation_guard: 0.
 - handle_deallocations: 1.


Internal statistics:

num_allocs_failed_limit: 6.
num_arena_births: 568.
num_arena_deaths: 0.
num_vsnodes_births: 7.
num_vsnodes_deaths: 0.
num_space_committed: 802.
num_space_uncommitted: 0.
num_chunks_returned_to_freelist: 6.
num_chunks_taken_from_freelist: 2312.
num_chunk_merges: 6.
num_chunk_splits: 1549.
num_chunks_enlarged: 1115.
num_purges: 0.

CodeHeap 'non-profiled nmethods': size=120000Kb used=4100Kb max_used=4100Kb free=115899Kb
 bounds [0x00000250959e0000, 0x0000025095df0000, 0x000002509cf10000]
CodeHeap 'profiled nmethods': size=120000Kb used=10377Kb max_used=10377Kb free=109623Kb
 bounds [0x000002508e4b0000, 0x000002508eee0000, 0x00000250959e0000]
CodeHeap 'non-nmethods': size=5760Kb used=1306Kb max_used=1374Kb free=4453Kb
 bounds [0x000002508df10000, 0x000002508e180000, 0x000002508e4b0000]
 total_blobs=5968 nmethods=5352 adapters=528
 compilation: enabled
              stopped_count=0, restarted_count=0
 full_count=0

Compilation events (20 events):
Event: 13.530 Thread 0x00000250a4eb26b0 6126       3       sun.security.jca.ProviderList::getService (120 bytes)
Event: 13.531 Thread 0x00000250a4eb26b0 nmethod 6126 0x000002508eecd710 code [0x000002508eecd9c0, 0x000002508eece868]
Event: 13.531 Thread 0x00000250a4eb26b0 6125       3       java.security.MessageDigest$Delegate::engineGetDigestLength (8 bytes)
Event: 13.531 Thread 0x00000250a4eb26b0 nmethod 6125 0x000002508eecee10 code [0x000002508eecefc0, 0x000002508eecf1a8]
Event: 13.531 Thread 0x00000250a4eb26b0 6128       3       sun.security.provider.ByteArrayAccess::i2bBig (204 bytes)
Event: 13.531 Thread 0x00000250a4eb26b0 nmethod 6128 0x000002508eecf290 code [0x000002508eecf460, 0x000002508eecf8c8]
Event: 13.531 Thread 0x00000250a4eb26b0 6127       1       java.nio.Buffer::markValue (5 bytes)
Event: 13.531 Thread 0x00000250a4eb26b0 nmethod 6127 0x0000025095de0e10 code [0x0000025095de0fa0, 0x0000025095de1078]
Event: 13.531 Thread 0x00000250a4eb26b0 6130       3       sun.security.jca.ProviderList$ServiceList$1::<init> (10 bytes)
Event: 13.531 Thread 0x00000250a4eb26b0 nmethod 6130 0x000002508eecfa90 code [0x000002508eecfc40, 0x000002508eecfe18]
Event: 13.531 Thread 0x00000250a4eb26b0 6131       3       sun.security.jca.ProviderList$ServiceList::addService (60 bytes)
Event: 13.532 Thread 0x00000250a4eb26b0 nmethod 6131 0x000002508eecff10 code [0x000002508eed0120, 0x000002508eed0988]
Event: 13.532 Thread 0x00000250a4eb26b0 6129       3       sun.nio.ch.IOStatus::okayToRetry (22 bytes)
Event: 13.532 Thread 0x00000250a4eb26b0 nmethod 6129 0x000002508eed0c10 code [0x000002508eed0da0, 0x000002508eed0f38]
Event: 13.532 Thread 0x00000250a4eb26b0 6133       3       java.io.FilterOutputStream::write (9 bytes)
Event: 13.532 Thread 0x00000250a4eb26b0 nmethod 6133 0x000002508eed1010 code [0x000002508eed11c0, 0x000002508eed13a8]
Event: 13.532 Thread 0x00000250a4eb26b0 6134       3       java.nio.Buffer::remaining (20 bytes)
Event: 13.532 Thread 0x00000250a4eb26b0 nmethod 6134 0x000002508eed1490 code [0x000002508eed1640, 0x000002508eed17d8]
Event: 13.532 Thread 0x00000250a4eb26b0 6132       3       java.security.MessageDigest$Delegate$CloneableDelegate::<init> (8 bytes)
Event: 13.533 Thread 0x00000250a4eb26b0 nmethod 6132 0x000002508eed1890 code [0x000002508eed1a60, 0x000002508eed1e18]

GC Heap History (20 events):
Event: 3.909 GC heap before
{Heap before GC invocations=6 (full 0):
 garbage-first heap   total 55296K, used 38246K [0x0000000082800000, 0x0000000100000000)
  region size 1024K, 25 young (25600K), 4 survivors (4096K)
 Metaspace       used 26974K, committed 27328K, reserved 1073152K
  class space    used 3389K, committed 3584K, reserved 1048576K
}
Event: 3.920 GC heap after
{Heap after GC invocations=7 (full 0):
 garbage-first heap   total 55296K, used 19743K [0x0000000082800000, 0x0000000100000000)
  region size 1024K, 3 young (3072K), 3 survivors (3072K)
 Metaspace       used 26974K, committed 27328K, reserved 1073152K
  class space    used 3389K, committed 3584K, reserved 1048576K
}
Event: 4.218 GC heap before
{Heap before GC invocations=7 (full 0):
 garbage-first heap   total 55296K, used 38175K [0x0000000082800000, 0x0000000100000000)
  region size 1024K, 22 young (22528K), 3 survivors (3072K)
 Metaspace       used 28290K, committed 28608K, reserved 1081344K
  class space    used 3594K, committed 3712K, reserved 1048576K
}
Event: 4.225 GC heap after
{Heap after GC invocations=8 (full 0):
 garbage-first heap   total 55296K, used 19254K [0x0000000082800000, 0x0000000100000000)
  region size 1024K, 1 young (1024K), 1 survivors (1024K)
 Metaspace       used 28290K, committed 28608K, reserved 1081344K
  class space    used 3594K, committed 3712K, reserved 1048576K
}
Event: 4.564 GC heap before
{Heap before GC invocations=8 (full 0):
 garbage-first heap   total 55296K, used 39734K [0x0000000082800000, 0x0000000100000000)
  region size 1024K, 21 young (21504K), 1 survivors (1024K)
 Metaspace       used 30335K, committed 30656K, reserved 1081344K
  class space    used 3862K, committed 4032K, reserved 1048576K
}
Event: 4.568 GC heap after
{Heap after GC invocations=9 (full 0):
 garbage-first heap   total 66560K, used 20401K [0x0000000082800000, 0x0000000100000000)
  region size 1024K, 2 young (2048K), 2 survivors (2048K)
 Metaspace       used 30335K, committed 30656K, reserved 1081344K
  class space    used 3862K, committed 4032K, reserved 1048576K
}
Event: 4.913 GC heap before
{Heap before GC invocations=9 (full 0):
 garbage-first heap   total 66560K, used 49073K [0x0000000082800000, 0x0000000100000000)
  region size 1024K, 30 young (30720K), 2 survivors (2048K)
 Metaspace       used 31387K, committed 31744K, reserved 1081344K
  class space    used 3913K, committed 4096K, reserved 1048576K
}
Event: 4.917 GC heap after
{Heap after GC invocations=10 (full 0):
 garbage-first heap   total 66560K, used 22513K [0x0000000082800000, 0x0000000100000000)
  region size 1024K, 4 young (4096K), 4 survivors (4096K)
 Metaspace       used 31387K, committed 31744K, reserved 1081344K
  class space    used 3913K, committed 4096K, reserved 1048576K
}
Event: 5.260 GC heap before
{Heap before GC invocations=10 (full 0):
 garbage-first heap   total 66560K, used 50161K [0x0000000082800000, 0x0000000100000000)
  region size 1024K, 31 young (31744K), 4 survivors (4096K)
 Metaspace       used 32383K, committed 32704K, reserved 1081344K
  class space    used 3941K, committed 4096K, reserved 1048576K
}
Event: 5.265 GC heap after
{Heap after GC invocations=11 (full 0):
 garbage-first heap   total 66560K, used 23362K [0x0000000082800000, 0x0000000100000000)
  region size 1024K, 3 young (3072K), 3 survivors (3072K)
 Metaspace       used 32383K, committed 32704K, reserved 1081344K
  class space    used 3941K, committed 4096K, reserved 1048576K
}
Event: 5.934 GC heap before
{Heap before GC invocations=11 (full 0):
 garbage-first heap   total 66560K, used 51010K [0x0000000082800000, 0x0000000100000000)
  region size 1024K, 30 young (30720K), 3 survivors (3072K)
 Metaspace       used 34368K, committed 34752K, reserved 1081344K
  class space    used 4166K, committed 4352K, reserved 1048576K
}
Event: 5.939 GC heap after
{Heap after GC invocations=12 (full 0):
 garbage-first heap   total 66560K, used 25594K [0x0000000082800000, 0x0000000100000000)
  region size 1024K, 4 young (4096K), 4 survivors (4096K)
 Metaspace       used 34368K, committed 34752K, reserved 1081344K
  class space    used 4166K, committed 4352K, reserved 1048576K
}
Event: 6.114 GC heap before
{Heap before GC invocations=12 (full 0):
 garbage-first heap   total 66560K, used 30714K [0x0000000082800000, 0x0000000100000000)
  region size 1024K, 10 young (10240K), 4 survivors (4096K)
 Metaspace       used 35229K, committed 35520K, reserved 1081344K
  class space    used 4280K, committed 4416K, reserved 1048576K
}
Event: 6.118 GC heap after
{Heap after GC invocations=13 (full 0):
 garbage-first heap   total 66560K, used 26031K [0x0000000082800000, 0x0000000100000000)
  region size 1024K, 1 young (1024K), 1 survivors (1024K)
 Metaspace       used 35229K, committed 35520K, reserved 1081344K
  class space    used 4280K, committed 4416K, reserved 1048576K
}
Event: 6.751 GC heap before
{Heap before GC invocations=14 (full 0):
 garbage-first heap   total 66560K, used 51631K [0x0000000082800000, 0x0000000100000000)
  region size 1024K, 26 young (26624K), 1 survivors (1024K)
 Metaspace       used 36898K, committed 37376K, reserved 1089536K
  class space    used 4581K, committed 4800K, reserved 1048576K
}
Event: 6.755 GC heap after
{Heap after GC invocations=15 (full 0):
 garbage-first heap   total 66560K, used 27628K [0x0000000082800000, 0x0000000100000000)
  region size 1024K, 3 young (3072K), 3 survivors (3072K)
 Metaspace       used 36898K, committed 37376K, reserved 1089536K
  class space    used 4581K, committed 4800K, reserved 1048576K
}
Event: 10.618 GC heap before
{Heap before GC invocations=15 (full 0):
 garbage-first heap   total 66560K, used 51180K [0x0000000082800000, 0x0000000100000000)
  region size 1024K, 26 young (26624K), 3 survivors (3072K)
 Metaspace       used 41160K, committed 41536K, reserved 1089536K
  class space    used 5125K, committed 5312K, reserved 1048576K
}
Event: 10.628 GC heap after
{Heap after GC invocations=16 (full 0):
 garbage-first heap   total 66560K, used 29299K [0x0000000082800000, 0x0000000100000000)
  region size 1024K, 4 young (4096K), 4 survivors (4096K)
 Metaspace       used 41160K, committed 41536K, reserved 1089536K
  class space    used 5125K, committed 5312K, reserved 1048576K
}
Event: 12.302 GC heap before
{Heap before GC invocations=16 (full 0):
 garbage-first heap   total 66560K, used 50803K [0x0000000082800000, 0x0000000100000000)
  region size 1024K, 26 young (26624K), 4 survivors (4096K)
 Metaspace       used 49566K, committed 50048K, reserved 1097728K
  class space    used 6055K, committed 6272K, reserved 1048576K
}
Event: 12.311 GC heap after
{Heap after GC invocations=17 (full 0):
 garbage-first heap   total 66560K, used 30981K [0x0000000082800000, 0x0000000100000000)
  region size 1024K, 4 young (4096K), 4 survivors (4096K)
 Metaspace       used 49566K, committed 50048K, reserved 1097728K
  class space    used 6055K, committed 6272K, reserved 1048576K
}

Deoptimization events (20 events):
Event: 12.344 Thread 0x00000250a8fe4f60 DEOPT PACKING pc=0x0000025095d6c95c sp=0x000000f2939fb9c0
Event: 12.344 Thread 0x00000250a8fe4f60 DEOPT UNPACKING pc=0x000002508df5d72e sp=0x000000f2939fb960 mode 2
Event: 12.344 Thread 0x00000250a8fe4f60 Uncommon trap: trap_request=0xffffffc6 fr.pc=0x0000025095d6c95c relative=0x0000000000000c5c
Event: 12.344 Thread 0x00000250a8fe4f60 Uncommon trap: reason=bimorphic_or_optimized_type_check action=maybe_recompile pc=0x0000025095d6c95c method=java.util.HashMap.computeIfAbsent(Ljava/lang/Object;Ljava/util/function/Function;)Ljava/lang/Object; @ 286 c2
Event: 12.344 Thread 0x00000250a8fe4f60 DEOPT PACKING pc=0x0000025095d6c95c sp=0x000000f2939fb9c0
Event: 12.344 Thread 0x00000250a8fe4f60 DEOPT UNPACKING pc=0x000002508df5d72e sp=0x000000f2939fb960 mode 2
Event: 12.485 Thread 0x00000250a8fe4f60 Uncommon trap: trap_request=0xffffffdc fr.pc=0x0000025095dad478 relative=0x0000000000000258
Event: 12.485 Thread 0x00000250a8fe4f60 Uncommon trap: reason=class_check action=make_not_entrant pc=0x0000025095dad478 method=java.util.ArrayList.toArray([Ljava/lang/Object;)[Ljava/lang/Object; @ 21 c2
Event: 12.485 Thread 0x00000250a8fe4f60 DEOPT PACKING pc=0x0000025095dad478 sp=0x000000f2939fbb80
Event: 12.485 Thread 0x00000250a8fe4f60 DEOPT UNPACKING pc=0x000002508df5d72e sp=0x000000f2939fbb40 mode 2
Event: 12.516 Thread 0x00000250a8fe4f60 Uncommon trap: trap_request=0xffffffde fr.pc=0x0000025095d6d6b8 relative=0x00000000000003f8
Event: 12.516 Thread 0x00000250a8fe4f60 Uncommon trap: reason=class_check action=maybe_recompile pc=0x0000025095d6d6b8 method=java.util.regex.Pattern$Start.match(Ljava/util/regex/Matcher;ILjava/lang/CharSequence;)Z @ 44 c2
Event: 12.516 Thread 0x00000250a8fe4f60 DEOPT PACKING pc=0x0000025095d6d6b8 sp=0x000000f2939fdd80
Event: 12.516 Thread 0x00000250a8fe4f60 DEOPT UNPACKING pc=0x000002508df5d72e sp=0x000000f2939fdcb0 mode 2
Event: 13.249 Thread 0x00000250abb34310 DEOPT PACKING pc=0x000002508e5395d2 sp=0x000000f2945fd7c0
Event: 13.249 Thread 0x00000250abb34310 DEOPT UNPACKING pc=0x000002508df5dece sp=0x000000f2945fcc48 mode 0
Event: 13.252 Thread 0x00000250abb34310 DEOPT PACKING pc=0x000002508e5395d2 sp=0x000000f2945fd670
Event: 13.252 Thread 0x00000250abb34310 DEOPT UNPACKING pc=0x000002508df5dece sp=0x000000f2945fcaf8 mode 0
Event: 13.297 Thread 0x00000250abb34310 DEOPT PACKING pc=0x000002508e5cb1e3 sp=0x000000f2945fd800
Event: 13.297 Thread 0x00000250abb34310 DEOPT UNPACKING pc=0x000002508df5dece sp=0x000000f2945fcc88 mode 0

Classes unloaded (0 events):
No events

Classes redefined (0 events):
No events

Internal exceptions (20 events):
Event: 6.565 Thread 0x0000025084fbd890 Exception <a 'java/lang/ClassNotFoundException'{0x000000008562e380}: java/lang/ObjectCustomizer> (0x000000008562e380) 
thrown [t:\workspace\open\src\hotspot\share\classfile\systemDictionary.cpp, line 256]
Event: 6.566 Thread 0x0000025084fbd890 Exception <a 'java/lang/ClassNotFoundException'{0x0000000085639fd8}: org/springframework/boot/actuate/autoconfigure/metrics/jdbc/DataSourcePoolMetricsAutoConfiguration$HikariDataSourceMetricsConfigurationCustomizer> (0x0000000085639fd8) 
thrown [t:\workspace\open\src\hotspot\share\classfile\systemDictionary.cpp, line 256]
Event: 6.574 Thread 0x0000025084fbd890 Exception <a 'java/lang/ClassNotFoundException'{0x0000000085657fe8}: java/lang/ObjectCustomizer> (0x0000000085657fe8) 
thrown [t:\workspace\open\src\hotspot\share\classfile\systemDictionary.cpp, line 256]
Event: 6.575 Thread 0x0000025084fbd890 Exception <a 'java/lang/ClassNotFoundException'{0x0000000085663e50}: org/springframework/boot/actuate/autoconfigure/metrics/jdbc/DataSourcePoolMetricsAutoConfiguration$DataSourcePoolMetadataMetricsConfigurationCustomizer> (0x0000000085663e50) 
thrown [t:\workspace\open\src\hotspot\share\classfile\systemDictionary.cpp, line 256]
Event: 6.585 Thread 0x0000025084fbd890 Exception <a 'java/lang/NullPointerException'{0x00000000856a0fc0}> (0x00000000856a0fc0) 
thrown [t:\workspace\open\src\hotspot\share\interpreter\linkResolver.cpp, line 1385]
Event: 6.586 Thread 0x0000025084fbd890 Exception <a 'java/lang/IncompatibleClassChangeError'{0x00000000856a1950}: Found class java.lang.Object, but interface was expected> (0x00000000856a1950) 
thrown [t:\workspace\open\src\hotspot\share\interpreter\linkResolver.cpp, line 857]
Event: 6.586 Thread 0x0000025084fbd890 Exception <a 'java/lang/NullPointerException'{0x00000000856a48b8}> (0x00000000856a48b8) 
thrown [t:\workspace\open\src\hotspot\share\interpreter\linkResolver.cpp, line 1385]
Event: 6.764 Thread 0x0000025084fbd890 Exception <a 'java/lang/IncompatibleClassChangeError'{0x000000008a5f0320}: Found class java.lang.Object, but interface was expected> (0x000000008a5f0320) 
thrown [t:\workspace\open\src\hotspot\share\interpreter\linkResolver.cpp, line 857]
Event: 6.798 Thread 0x0000025084fbd890 Exception <a 'java/lang/NoSuchMethodError'{0x0000000088915f98}: 'java.lang.Object java.lang.invoke.DirectMethodHandle$Holder.newInvokeSpecial(java.lang.Object, java.lang.Object, int, java.lang.Object, java.lang.Object)'> (0x0000000088915f98) 
thrown [t:\workspace\open\src\hotspot\share\interpreter\linkResolver.cpp, line 790]
Event: 6.799 Thread 0x0000025084fbd890 Exception <a 'java/lang/NoSuchMethodError'{0x0000000088921ce0}: 'java.lang.Object java.lang.invoke.DirectMethodHandle$Holder.invokeSpecial(java.lang.Object, java.lang.Object, int, java.lang.Object, int, java.lang.Object)'> (0x0000000088921ce0) 
thrown [t:\workspace\open\src\hotspot\share\interpreter\linkResolver.cpp, line 790]
Event: 6.800 Thread 0x0000025084fbd890 Exception <a 'java/lang/NoSuchMethodError'{0x000000008892a0a0}: 'java.lang.Object java.lang.invoke.DirectMethodHandle$Holder.newInvokeSpecial(java.lang.Object, java.lang.Object, int, java.lang.Object, int)'> (0x000000008892a0a0) 
thrown [t:\workspace\open\src\hotspot\share\interpreter\linkResolver.cpp, line 790]
Event: 6.800 Thread 0x0000025084fbd890 Exception <a 'java/lang/NoSuchMethodError'{0x000000008892e2b0}: 'java.lang.Object java.lang.invoke.DirectMethodHandle$Holder.invokeSpecial(java.lang.Object, java.lang.Object, java.lang.Object, int, java.lang.Object, int)'> (0x000000008892e2b0) 
thrown [t:\workspace\open\src\hotspot\share\interpreter\linkResolver.cpp, line 790]
Event: 6.802 Thread 0x0000025084fbd890 Exception <a 'java/lang/NoSuchMethodError'{0x0000000088938f70}: 'void java.lang.invoke.DirectMethodHandle$Holder.invokeVirtual(java.lang.Object, java.lang.Object)'> (0x0000000088938f70) 
thrown [t:\workspace\open\src\hotspot\share\interpreter\linkResolver.cpp, line 790]
Event: 6.938 Thread 0x0000025084fbd890 Exception <a 'java/lang/IncompatibleClassChangeError'{0x0000000086107720}: Found class java.lang.Object, but interface was expected> (0x0000000086107720) 
thrown [t:\workspace\open\src\hotspot\share\interpreter\linkResolver.cpp, line 857]
Event: 6.968 Thread 0x0000025084fbd890 Implicit null exception at 0x0000025095b761e0 to 0x0000025095b763b8
Event: 10.463 Thread 0x00000250a8fe4f60 Exception <a 'java/lang/NullPointerException'{0x000000008555ab30}> (0x000000008555ab30) 
thrown [t:\workspace\open\src\hotspot\share\interpreter\linkResolver.cpp, line 1468]
Event: 11.043 Thread 0x00000250a8fe4f60 Exception <a 'sun/nio/fs/WindowsException'{0x000000008878ece8}> (0x000000008878ece8) 
thrown [t:\workspace\open\src\hotspot\share\prims\jni.cpp, line 579]
Event: 12.474 Thread 0x00000250a8fe4f60 Exception <a 'java/lang/NullPointerException'{0x00000000889d42c8}> (0x00000000889d42c8) 
thrown [t:\workspace\open\src\hotspot\share\interpreter\linkResolver.cpp, line 1468]
Event: 12.514 Thread 0x00000250a8fe4f60 Exception <a 'java/lang/NoSuchMethodError'{0x00000000888b0be8}: 'java.lang.Object java.lang.invoke.DirectMethodHandle$Holder.newInvokeSpecial(java.lang.Object, java.lang.Object, java.lang.Object, java.lang.Object, java.lang.Object, java.lang.Object, java.lang.Object)'> (0x00000000888b0be8) 
thrown [t:\workspace\open\src\hotspot\share\interpreter\linkResolver.cpp, line 790]
Event: 12.514 Thread 0x00000250a8fe4f60 Exception <a 'java/lang/NoSuchMethodError'{0x00000000888b5298}: 'java.lang.Object java.lang.invoke.Invokers$Holder.linkToTargetMethod(java.lang.Object, java.lang.Object, java.lang.Object, java.lang.Object, java.lang.Object, java.lang.Object, java.lang.Object)'> (0x00000000888b5298) 
thrown [t:\workspace\open\src\hotspot\share\interpreter\linkResolver.cpp, line 790]

Events (20 events):
Event: 12.474 loading class java/lang/Throwable$WrappedPrintStream done
Event: 12.502 loading class sun/nio/cs/ISO_8859_1$Encoder
Event: 12.502 loading class sun/nio/cs/ISO_8859_1$Encoder done
Event: 12.502 loading class sun/nio/cs/Surrogate$Parser
Event: 12.502 loading class sun/nio/cs/Surrogate$Parser done
Event: 12.502 loading class sun/nio/cs/Surrogate
Event: 12.502 loading class sun/nio/cs/Surrogate done
Event: 12.503 loading class java/util/zip/GZIPOutputStream
Event: 12.503 loading class java/util/zip/DeflaterOutputStream
Event: 12.503 loading class java/util/zip/DeflaterOutputStream done
Event: 12.503 loading class java/util/zip/GZIPOutputStream done
Event: 12.503 loading class java/util/zip/Deflater
Event: 12.504 loading class java/util/zip/Deflater done
Event: 12.505 loading class java/util/zip/Deflater$DeflaterZStreamRef
Event: 12.505 loading class java/util/zip/Deflater$DeflaterZStreamRef done
Event: 12.815 Thread 0x00000250ac68f9d0 Thread exited: 0x00000250ac68f9d0
Event: 13.194 Thread 0x00000250a6b3b020 Thread exited: 0x00000250a6b3b020
Event: 13.251 Thread 0x00000250a6b3b020 Thread added: 0x00000250a6b3b020
Event: 13.472 Executing  VM operation: Cleanup
Event: 13.472 Executing  VM operation: Cleanup done


Dynamic libraries:
0x00007ff7fdfa0000 - 0x00007ff7fdfb0000 	C:\Program Files\Java\jdk-16.0.2\bin\javaw.exe
0x00007ffcbdc30000 - 0x00007ffcbde28000 	C:\WINDOWS\SYSTEM32\ntdll.dll
0x00007ffcbc1d0000 - 0x00007ffcbc28d000 	C:\WINDOWS\System32\KERNEL32.DLL
0x00007ffcbb5f0000 - 0x00007ffcbb8be000 	C:\WINDOWS\System32\KERNELBASE.dll
0x00007ffcbbaa0000 - 0x00007ffcbbba0000 	C:\WINDOWS\System32\ucrtbase.dll
0x00007ffc93cb0000 - 0x00007ffc93cc9000 	C:\Program Files\Java\jdk-16.0.2\bin\VCRUNTIME140.dll
0x00007ffc86490000 - 0x00007ffc864a8000 	C:\Program Files\Java\jdk-16.0.2\bin\jli.dll
0x00007ffcbc620000 - 0x00007ffcbc6ce000 	C:\WINDOWS\System32\ADVAPI32.dll
0x00007ffcbd3a0000 - 0x00007ffcbd43e000 	C:\WINDOWS\System32\msvcrt.dll
0x00007ffcbc290000 - 0x00007ffcbc32c000 	C:\WINDOWS\System32\sechost.dll
0x00007ffcbc6d0000 - 0x00007ffcbc7f5000 	C:\WINDOWS\System32\RPCRT4.dll
0x00007ffcbd450000 - 0x00007ffcbd5f0000 	C:\WINDOWS\System32\USER32.dll
0x00007ffcbb350000 - 0x00007ffcbb372000 	C:\WINDOWS\System32\win32u.dll
0x00007ffc9dcc0000 - 0x00007ffc9df5a000 	C:\WINDOWS\WinSxS\amd64_microsoft.windows.common-controls_6595b64144ccf1df_6.0.19041.1110_none_60b5254171f9507e\COMCTL32.dll
0x00007ffcbdbc0000 - 0x00007ffcbdbea000 	C:\WINDOWS\System32\GDI32.dll
0x00007ffcbb380000 - 0x00007ffcbb48b000 	C:\WINDOWS\System32\gdi32full.dll
0x00007ffcbb970000 - 0x00007ffcbba0d000 	C:\WINDOWS\System32\msvcp_win.dll
0x00007ffcb3ba0000 - 0x00007ffcb3baa000 	C:\WINDOWS\SYSTEM32\VERSION.dll
0x00007ffcbdae0000 - 0x00007ffcbdb10000 	C:\WINDOWS\System32\IMM32.DLL
0x00007ffca0540000 - 0x00007ffca054c000 	C:\Program Files\Java\jdk-16.0.2\bin\vcruntime140_1.dll
0x00007ffc85a40000 - 0x00007ffc85ad1000 	C:\Program Files\Java\jdk-16.0.2\bin\msvcp140.dll
0x00007ffc3ddb0000 - 0x00007ffc3e95b000 	C:\Program Files\Java\jdk-16.0.2\bin\server\jvm.dll
0x00007ffcbd440000 - 0x00007ffcbd448000 	C:\WINDOWS\System32\PSAPI.DLL
0x00007ffcb0000000 - 0x00007ffcb0027000 	C:\WINDOWS\SYSTEM32\WINMM.dll
0x00007ffcadc00000 - 0x00007ffcadc09000 	C:\WINDOWS\SYSTEM32\WSOCK32.dll
0x00007ffcbbc90000 - 0x00007ffcbbcfb000 	C:\WINDOWS\System32\WS2_32.dll
0x00007ffcb9be0000 - 0x00007ffcb9bf2000 	C:\WINDOWS\SYSTEM32\kernel.appcore.dll
0x00007ffc9e520000 - 0x00007ffc9e52a000 	C:\Program Files\Java\jdk-16.0.2\bin\jimage.dll
0x00007ffcb64c0000 - 0x00007ffcb66a4000 	C:\WINDOWS\SYSTEM32\DBGHELP.DLL
0x00007ffc95300000 - 0x00007ffc9532c000 	C:\WINDOWS\SYSTEM32\dbgcore.DLL
0x00007ffcbba10000 - 0x00007ffcbba92000 	C:\WINDOWS\System32\bcryptPrimitives.dll
0x00007ffc85970000 - 0x00007ffc85995000 	C:\Program Files\Java\jdk-16.0.2\bin\java.dll
0x00007ffcbcb70000 - 0x00007ffcbd2b4000 	C:\WINDOWS\System32\SHELL32.dll
0x00007ffcb91a0000 - 0x00007ffcb9934000 	C:\WINDOWS\SYSTEM32\windows.storage.dll
0x00007ffcbd720000 - 0x00007ffcbda74000 	C:\WINDOWS\System32\combase.dll
0x00007ffcbadb0000 - 0x00007ffcbade0000 	C:\WINDOWS\SYSTEM32\Wldp.dll
0x00007ffcbcab0000 - 0x00007ffcbcb5d000 	C:\WINDOWS\System32\SHCORE.dll
0x00007ffcbc3c0000 - 0x00007ffcbc415000 	C:\WINDOWS\System32\shlwapi.dll
0x00007ffcbb290000 - 0x00007ffcbb2af000 	C:\WINDOWS\SYSTEM32\profapi.dll
0x00007ffc86470000 - 0x00007ffc86489000 	C:\Program Files\Java\jdk-16.0.2\bin\net.dll
0x00007ffcb8b70000 - 0x00007ffcb8c7a000 	C:\WINDOWS\SYSTEM32\WINHTTP.dll
0x00007ffcbab10000 - 0x00007ffcbab7a000 	C:\WINDOWS\system32\mswsock.dll
0x00007ffc86250000 - 0x00007ffc86263000 	C:\Program Files\Java\jdk-16.0.2\bin\nio.dll
0x00007ffc85d80000 - 0x00007ffc85d98000 	C:\Program Files\Java\jdk-16.0.2\bin\zip.dll
0x00007ffc9d3d0000 - 0x00007ffc9d3e0000 	C:\Program Files\Java\jdk-16.0.2\bin\verify.dll
0x00007ffcaf1f0000 - 0x00007ffcaf1f9000 	C:\Program Files\Java\jdk-16.0.2\bin\management.dll
0x00007ffca2950000 - 0x00007ffca295b000 	C:\Program Files\Java\jdk-16.0.2\bin\management_ext.dll
0x00007ffcadbe0000 - 0x00007ffcadbf7000 	C:\WINDOWS\system32\napinsp.dll
0x00007ffcadbc0000 - 0x00007ffcadbdb000 	C:\WINDOWS\system32\pnrpnsp.dll
0x00007ffcb5680000 - 0x00007ffcb5695000 	C:\WINDOWS\system32\wshbth.dll
0x00007ffcb6160000 - 0x00007ffcb617d000 	C:\WINDOWS\system32\NLAapi.dll
0x00007ffcba7b0000 - 0x00007ffcba7eb000 	C:\WINDOWS\SYSTEM32\IPHLPAPI.DLL
0x00007ffcba7f0000 - 0x00007ffcba8bb000 	C:\WINDOWS\SYSTEM32\DNSAPI.dll
0x00007ffcbcb60000 - 0x00007ffcbcb68000 	C:\WINDOWS\System32\NSI.dll
0x00007ffcadad0000 - 0x00007ffcadae2000 	C:\WINDOWS\System32\winrnr.dll
0x00007ffcad9c0000 - 0x00007ffcad9ca000 	C:\Windows\System32\rasadhlp.dll
0x00007ffcad930000 - 0x00007ffcad9b0000 	C:\WINDOWS\System32\fwpuclnt.dll
0x00007ffcbbc60000 - 0x00007ffcbbc87000 	C:\WINDOWS\System32\bcrypt.dll
0x00007ffcbad00000 - 0x00007ffcbad18000 	C:\WINDOWS\SYSTEM32\CRYPTSP.dll
0x00007ffcba420000 - 0x00007ffcba454000 	C:\WINDOWS\system32\rsaenh.dll
0x00007ffcbb210000 - 0x00007ffcbb23e000 	C:\WINDOWS\SYSTEM32\USERENV.dll
0x00007ffcbad20000 - 0x00007ffcbad2c000 	C:\WINDOWS\SYSTEM32\CRYPTBASE.dll
0x00007ffcac910000 - 0x00007ffcac927000 	C:\WINDOWS\SYSTEM32\dhcpcsvc6.DLL
0x00007ffcada90000 - 0x00007ffcadaad000 	C:\WINDOWS\SYSTEM32\dhcpcsvc.DLL
0x00007ffcaf200000 - 0x00007ffcaf20e000 	C:\Program Files\Java\jdk-16.0.2\bin\sunmscapi.dll
0x00007ffcbb490000 - 0x00007ffcbb5e6000 	C:\WINDOWS\System32\CRYPT32.dll
0x00007ffcbae20000 - 0x00007ffcbae47000 	C:\WINDOWS\SYSTEM32\ncrypt.dll
0x00007ffcbade0000 - 0x00007ffcbae1b000 	C:\WINDOWS\SYSTEM32\NTASN1.dll
0x00007ffca2940000 - 0x00007ffca2947000 	C:\WINDOWS\system32\wshunix.dll

dbghelp: loaded successfully - version: 4.0.5 - missing functions: none
symbol engine: initialized successfully - sym options: 0x614 - pdb path: .;C:\Program Files\Java\jdk-16.0.2\bin;C:\WINDOWS\SYSTEM32;C:\WINDOWS\WinSxS\amd64_microsoft.windows.common-controls_6595b64144ccf1df_6.0.19041.1110_none_60b5254171f9507e;C:\Program Files\Java\jdk-16.0.2\bin\server

VM Arguments:
jvm_args: -Dfile.encoding=UTF-8 -XX:+ShowCodeDetailsInExceptionMessages 
java_command: com.ontimize.atomicHotelsApiRest.ServerApplication
java_class_path (initial): C:\Users\Arsito\Documents\proyectos eclipse\BBE-2022-G3\atomicHotelsApiRest-boot\target\classes;C:\Users\Arsito\Documents\proyectos eclipse\BBE-2022-G3\atomicHotelsApiRest-api\target\classes;C:\Users\Arsito\.m2\repository\com\ontimize\jee\ontimize-jee-common\5.4.0\ontimize-jee-common-5.4.0.jar;C:\Users\Arsito\.m2\repository\org\springframework\spring-beans\5.3.7\spring-beans-5.3.7.jar;C:\Users\Arsito\.m2\repository\org\springframework\spring-core\5.3.7\spring-core-5.3.7.jar;C:\Users\Arsito\.m2\repository\org\springframework\spring-jcl\5.3.7\spring-jcl-5.3.7.jar;C:\Users\Arsito\.m2\repository\org\springframework\spring-context\5.3.7\spring-context-5.3.7.jar;C:\Users\Arsito\.m2\repository\org\springframework\spring-expression\5.3.7\spring-expression-5.3.7.jar;C:\Users\Arsito\.m2\repository\org\springframework\spring-aop\5.3.7\spring-aop-5.3.7.jar;C:\Users\Arsito\.m2\repository\org\springframework\spring-web\5.3.7\spring-web-5.3.7.jar;C:\Users\Arsito\.m2\repository\org\springframework\security\spring-security-core\5.5.0\spring-security-core-5.5.0.jar;C:\Users\Arsito\.m2\repository\org\springframework\security\spring-security-crypto\5.5.0\spring-security-crypto-5.5.0.jar;C:\Users\Arsito\.m2\repository\org\aspectj\aspectjweaver\1.9.6\aspectjweaver-1.9.6.jar;C:\Users\Arsito\.m2\repository\org\apache\commons\commons-lang3\3.12.0\commons-lang3-3.12.0.jar;C:\Users\Arsito\.m2\repository\commons-io\commons-io\2.7\commons-io-2.7.jar;C:\Users\Arsito\.m2\repository\com\fasterxml\jackson\core\jackson-databind\2.12.3\jackson-databind-2.12.3.jar;C:\Users\Arsito\.m2\repository\com\fasterxml\jackson\core\jackson-core\2.12.3\jackson-core-2.12.3.jar;C:\Users\Arsito\.m2\repository\com\fasterxml\jackson\core\jackson-annotations\2.12.3\jackson-annotations-2.12.3.jar;C:\Users\Arsito\.m2\repository\org\slf4j\slf4j-api\1.7.30\slf4j-api-1.7.30.jar;C:\Users\Arsito\.m2\repository\ch\qos\logback\logback-classic\1.2.3\logback-classic-1.2.3.jar;C:\Users\Arsito\.m2\repos
Launcher Type: SUN_STANDARD

[Global flags]
     intx CICompilerCount                          = 4                                         {product} {ergonomic}
     uint ConcGCThreads                            = 2                                         {product} {ergonomic}
     uint G1ConcRefinementThreads                  = 8                                         {product} {ergonomic}
   size_t G1HeapRegionSize                         = 1048576                                   {product} {ergonomic}
    uintx GCDrainStackTargetSize                   = 64                                        {product} {ergonomic}
   size_t InitialHeapSize                          = 132120576                                 {product} {ergonomic}
   size_t MarkStackSize                            = 4194304                                   {product} {ergonomic}
   size_t MaxHeapSize                              = 2105540608                                {product} {ergonomic}
   size_t MaxNewSize                               = 1262485504                                {product} {ergonomic}
   size_t MinHeapDeltaBytes                        = 1048576                                   {product} {ergonomic}
   size_t MinHeapSize                              = 8388608                                   {product} {ergonomic}
    uintx NonNMethodCodeHeapSize                   = 5839372                                {pd product} {ergonomic}
    uintx NonProfiledCodeHeapSize                  = 122909434                              {pd product} {ergonomic}
    uintx ProfiledCodeHeapSize                     = 122909434                              {pd product} {ergonomic}
    uintx ReservedCodeCacheSize                    = 251658240                              {pd product} {ergonomic}
     bool SegmentedCodeCache                       = true                                      {product} {ergonomic}
     bool ShowCodeDetailsInExceptionMessages       = true                                   {manageable} {command line}
   size_t SoftMaxHeapSize                          = 2105540608                             {manageable} {ergonomic}
     bool UseCompressedClassPointers               = true                           {product lp64_product} {ergonomic}
     bool UseCompressedOops                        = true                           {product lp64_product} {ergonomic}
     bool UseG1GC                                  = true                                      {product} {ergonomic}
     bool UseLargePagesIndividualAllocation        = false                                  {pd product} {ergonomic}

Logging:
Log output configuration:
 #0: stdout all=warning uptime,level,tags
 #1: stderr all=off uptime,level,tags

Environment Variables:
JAVA_HOME=C:\Program Files\Java\jdk-15\
PATH=C:\Program Files\Common Files\Oracle\Java\javapath;C:\Program Files (x86)\Common Files\Oracle\Java\javapath;C:\Program Files (x86)\Intel\Intel(R) Management Engine Components\iCLS\;C:\Program Files\Intel\Intel(R) Management Engine Components\iCLS\;C:\windows\system32;C:\windows;C:\windows\System32\Wbem;C:\windows\System32\WindowsPowerShell\v1.0\;C:\windows\System32\OpenSSH\;C:\Program Files (x86)\Intel\Intel(R) Management Engine Components\DAL;C:\Program Files\Intel\Intel(R) Management Engine Components\DAL;C:\Program Files (x86)\NVIDIA Corporation\PhysX\Common;C:\Program Files\Intel\WiFi\bin\;C:\Program Files\Common Files\Intel\WirelessCommon\;C:\Program Files\NVIDIA Corporation\NVIDIA NvDLISR;C:\WINDOWS\system32;C:\WINDOWS;C:\WINDOWS\System32\Wbem;C:\WINDOWS\System32\WindowsPowerShell\v1.0\;C:\WINDOWS\System32\OpenSSH\;%JAVA_HOME%\bin;C:\Program Files\PuTTY\;C:\Program Files\Git\cmd;C:\Users\Arsito\Documents\proyectos git\BootCamp-Campus-Dual-Imatia\apache-maven-3.8.6\bin;C:\Users\Arsito\AppData\Local\Microsoft\WindowsApps;;C:\Users\Arsito\AppData\Local\Programs\Microsoft VS Code\bin;C:\Program Files\JetBrains\PyCharm Community Edition 2021.2.2\bin;
USERNAME=Arsito
OS=Windows_NT
PROCESSOR_IDENTIFIER=Intel64 Family 6 Model 142 Stepping 10, GenuineIntel



---------------  S Y S T E M  ---------------

OS:
 Windows 10 , 64 bit Build 19041 (10.0.19041.1806)
OS uptime: 3 days 14:07 hours

CPU: total 8 (initial active 8) (4 cores per cpu, 2 threads per core) family 6 model 142 stepping 10 microcode 0xb4, cx8, cmov, fxsr, ht, mmx, 3dnowpref, sse, sse2, sse3, ssse3, sse4.1, sse4.2, popcnt, lzcnt, tsc, tscinvbit, avx, avx2, aes, erms, clmul, bmi1, bmi2, adx, fma, vzeroupper, clflush, clflushopt

Memory: 4k page, system-wide physical 8026M (727M free)
TotalPageFile size 11026M (AvailPageFile size 5M)
current process WorkingSet (physical memory assigned to process): 232M, peak: 265M
current process commit charge ("private bytes"): 271M, peak: 305M

vm_info: Java HotSpot(TM) 64-Bit Server VM (16.0.2+7-67) for windows-amd64 JRE (16.0.2+7-67), built on Jun  8 2021 23:24:19 by "mach5one" with MS VC++ 16.7 (VS2019)

END.
