#
# There is insufficient memory for the Java Runtime Environment to continue.
# Native memory allocation (mmap) failed to map 132120576 bytes for G1 virtual space
# Possible reasons:
#   The system is out of physical RAM or swap space
#   The process is running with CompressedOops enabled, and the Java Heap may be blocking the growth of the native heap
# Possible solutions:
#   Reduce memory load on the system
#   Increase physical memory or swap space
#   Check if swap backing store is full
#   Decrease Java heap size (-Xmx/-Xms)
#   Decrease number of Java threads
#   Decrease Java thread stack sizes (-Xss)
#   Set larger code cache with -XX:ReservedCodeCacheSize=
#   JVM is running with Unscaled Compressed Oops mode in which the Java heap is
#     placed in the first 4GB address space. The Java Heap base address is the
#     maximum limit for the native heap growth. Please use -XX:HeapBaseMinAddress
#     to set the Java Heap base and to place the Java Heap above 4GB virtual address.
# This output file may be truncated or incomplete.
#
#  Out of Memory Error (os_windows.cpp:3466), pid=6752, tid=10988
#
# JRE version:  (16.0.2+7) (build )
# Java VM: Java HotSpot(TM) 64-Bit Server VM (16.0.2+7-67, mixed mode, sharing, tiered, compressed oops, compressed class ptrs, g1 gc, windows-amd64)
# No core dump will be written. Minidumps are not enabled by default on client versions of Windows
#

---------------  S U M M A R Y ------------

Command Line: net.bytebuddy.agent.Attacher com.sun.tools.attach.VirtualMachine 3064 C:\Users\Arsito\.m2\repository\net\bytebuddy\byte-buddy-agent\1.10.22\byte-buddy-agent-1.10.22.jar false 

Host: Intel(R) Core(TM) i5-8250U CPU @ 1.60GHz, 8 cores, 7G,  Windows 10 , 64 bit Build 19041 (10.0.19041.1806)
Time: Thu Jul 28 09:15:36 2022 Hora de verano romance elapsed time: 0.009403 seconds (0d 0h 0m 0s)

---------------  T H R E A D  ---------------

Current thread (0x0000024ebde9e590):  JavaThread "Unknown thread" [_thread_in_vm, id=10988, stack(0x000000a9e1700000,0x000000a9e1800000)]

Stack: [0x000000a9e1700000,0x000000a9e1800000]
Native frames: (J=compiled Java code, j=interpreted, Vv=VM code, C=native code)
V  [jvm.dll+0x6681ca]
V  [jvm.dll+0x7c9e69]
V  [jvm.dll+0x7cb61e]
V  [jvm.dll+0x7cbc73]
V  [jvm.dll+0x242c55]
V  [jvm.dll+0x664f89]
V  [jvm.dll+0x659b75]
V  [jvm.dll+0x2fbfbb]
V  [jvm.dll+0x3031b6]
V  [jvm.dll+0x35299e]
V  [jvm.dll+0x352bcf]
V  [jvm.dll+0x2d3028]
V  [jvm.dll+0x2d4264]
V  [jvm.dll+0x79c741]
V  [jvm.dll+0x360791]
V  [jvm.dll+0x77a3f0]
V  [jvm.dll+0x3e4e8f]
V  [jvm.dll+0x3e6961]
C  [jli.dll+0x52fb]
C  [ucrtbase.dll+0x21bb2]
C  [KERNEL32.DLL+0x17034]
C  [ntdll.dll+0x52651]


---------------  P R O C E S S  ---------------

Threads class SMR info:
_java_thread_list=0x00007ffc4e57cbb8, length=0, elements={
}

Java Threads: ( => current thread )

Other Threads:
  0x0000024ebdedcf00 GCTaskThread "GC Thread#0" [stack: 0x000000a9e1800000,0x000000a9e1900000] [id=12416]
  0x0000024ebdeee960 ConcurrentGCThread "G1 Main Marker" [stack: 0x000000a9e1900000,0x000000a9e1a00000] [id=10228]
  0x0000024ebdeefa80 ConcurrentGCThread "G1 Conc#0" [stack: 0x000000a9e1a00000,0x000000a9e1b00000] [id=16936]

[error occurred during error reporting (printing all threads), id 0xc0000005, EXCEPTION_ACCESS_VIOLATION (0xc0000005) at pc=0x00007ffc4dd53ee7]

VM state: not at safepoint (not fully initialized)

VM Mutex/Monitor currently owned by a thread:  ([mutex/lock_event])
[0x0000024ebde993b0] Heap_lock - owner thread: 0x0000024ebde9e590

Heap address: 0x0000000082800000, size: 2008 MB, Compressed Oops mode: 32-bit

CDS archive(s) mapped at: [0x0000000000000000-0x0000000000000000-0x0000000000000000), size 0, SharedBaseAddress: 0x0000000800000000, ArchiveRelocationMode: 0.
Narrow klass base: 0x0000000000000000, Narrow klass shift: 0, Narrow klass range: 0x0

GC Precious Log:
<Empty>

Heap:
 garbage-first heap   total 0K, used 0K [0x0000000082800000, 0x0000000100000000)
  region size 1024K, 0 young (0K), 0 survivors (0K)

[error occurred during error reporting (printing heap information), id 0xc0000005, EXCEPTION_ACCESS_VIOLATION (0xc0000005) at pc=0x00007ffc4e131eed]

GC Heap History (0 events):
No events

Deoptimization events (0 events):
No events

Classes unloaded (0 events):
No events

Classes redefined (0 events):
No events

Internal exceptions (0 events):
No events

Events (1 events):
Event: 0.006 Loaded shared library C:\Program Files\Java\jdk-16.0.2\bin\java.dll


Dynamic libraries:
0x00007ff7182a0000 - 0x00007ff7182b0000 	C:\Program Files\Java\jdk-16.0.2\bin\java.exe
0x00007ffcbdc30000 - 0x00007ffcbde28000 	C:\WINDOWS\SYSTEM32\ntdll.dll
0x00007ffcbc1d0000 - 0x00007ffcbc28d000 	C:\WINDOWS\System32\KERNEL32.DLL
0x00007ffcbb5f0000 - 0x00007ffcbb8be000 	C:\WINDOWS\System32\KERNELBASE.dll
0x00007ffcbbaa0000 - 0x00007ffcbbba0000 	C:\WINDOWS\System32\ucrtbase.dll
0x00007ffc9ff50000 - 0x00007ffc9ff69000 	C:\Program Files\Java\jdk-16.0.2\bin\VCRUNTIME140.dll
0x00007ffca0d30000 - 0x00007ffca0d48000 	C:\Program Files\Java\jdk-16.0.2\bin\jli.dll
0x00007ffcbc620000 - 0x00007ffcbc6ce000 	C:\WINDOWS\System32\ADVAPI32.dll
0x00007ffcbd3a0000 - 0x00007ffcbd43e000 	C:\WINDOWS\System32\msvcrt.dll
0x00007ffcbc290000 - 0x00007ffcbc32c000 	C:\WINDOWS\System32\sechost.dll
0x00007ffcbc6d0000 - 0x00007ffcbc7f5000 	C:\WINDOWS\System32\RPCRT4.dll
0x00007ffcbd450000 - 0x00007ffcbd5f0000 	C:\WINDOWS\System32\USER32.dll
0x00007ffcbb350000 - 0x00007ffcbb372000 	C:\WINDOWS\System32\win32u.dll
0x00007ffc9dcc0000 - 0x00007ffc9df5a000 	C:\WINDOWS\WinSxS\amd64_microsoft.windows.common-controls_6595b64144ccf1df_6.0.19041.1110_none_60b5254171f9507e\COMCTL32.dll
0x00007ffcbdbc0000 - 0x00007ffcbdbea000 	C:\WINDOWS\System32\GDI32.dll
0x00007ffcbb380000 - 0x00007ffcbb48b000 	C:\WINDOWS\System32\gdi32full.dll
0x00007ffcbb970000 - 0x00007ffcbba0d000 	C:\WINDOWS\System32\msvcp_win.dll
0x00007ffcb3ba0000 - 0x00007ffcb3baa000 	C:\WINDOWS\SYSTEM32\VERSION.dll
0x00007ffcbdae0000 - 0x00007ffcbdb10000 	C:\WINDOWS\System32\IMM32.DLL
0x00007ffcaf150000 - 0x00007ffcaf15c000 	C:\Program Files\Java\jdk-16.0.2\bin\vcruntime140_1.dll
0x00007ffc992c0000 - 0x00007ffc99351000 	C:\Program Files\Java\jdk-16.0.2\bin\msvcp140.dll
0x00007ffc4da70000 - 0x00007ffc4e61b000 	C:\Program Files\Java\jdk-16.0.2\bin\server\jvm.dll
0x00007ffcbd440000 - 0x00007ffcbd448000 	C:\WINDOWS\System32\PSAPI.DLL
0x00007ffcb0000000 - 0x00007ffcb0027000 	C:\WINDOWS\SYSTEM32\WINMM.dll
0x00007ffcadc00000 - 0x00007ffcadc09000 	C:\WINDOWS\SYSTEM32\WSOCK32.dll
0x00007ffcbbc90000 - 0x00007ffcbbcfb000 	C:\WINDOWS\System32\WS2_32.dll
0x00007ffcb9be0000 - 0x00007ffcb9bf2000 	C:\WINDOWS\SYSTEM32\kernel.appcore.dll
0x00007ffcaeec0000 - 0x00007ffcaeeca000 	C:\Program Files\Java\jdk-16.0.2\bin\jimage.dll
0x00007ffcb64c0000 - 0x00007ffcb66a4000 	C:\WINDOWS\SYSTEM32\DBGHELP.DLL
0x00007ffc95300000 - 0x00007ffc9532c000 	C:\WINDOWS\SYSTEM32\dbgcore.DLL
0x00007ffcbba10000 - 0x00007ffcbba92000 	C:\WINDOWS\System32\bcryptPrimitives.dll
0x00007ffc9ff20000 - 0x00007ffc9ff45000 	C:\Program Files\Java\jdk-16.0.2\bin\java.dll

dbghelp: loaded successfully - version: 4.0.5 - missing functions: none
symbol engine: initialized successfully - sym options: 0x614 - pdb path: .;C:\Program Files\Java\jdk-16.0.2\bin;C:\WINDOWS\SYSTEM32;C:\WINDOWS\WinSxS\amd64_microsoft.windows.common-controls_6595b64144ccf1df_6.0.19041.1110_none_60b5254171f9507e;C:\Program Files\Java\jdk-16.0.2\bin\server

VM Arguments:
java_command: net.bytebuddy.agent.Attacher com.sun.tools.attach.VirtualMachine 3064 C:\Users\Arsito\.m2\repository\net\bytebuddy\byte-buddy-agent\1.10.22\byte-buddy-agent-1.10.22.jar false 
java_class_path (initial): C:\Users\Arsito\.m2\repository\net\bytebuddy\byte-buddy-agent\1.10.22\byte-buddy-agent-1.10.22.jar
Launcher Type: SUN_STANDARD

[Global flags]
     intx CICompilerCount                          = 4                                         {product} {ergonomic}
     uint ConcGCThreads                            = 2                                         {product} {ergonomic}
     uint G1ConcRefinementThreads                  = 8                                         {product} {ergonomic}
   size_t G1HeapRegionSize                         = 1048576                                   {product} {ergonomic}
    uintx GCDrainStackTargetSize                   = 64                                        {product} {ergonomic}
   size_t InitialHeapSize                          = 132120576                                 {product} {ergonomic}
   size_t MarkStackSize                            = 4194304                                   {product} {ergonomic}
   size_t MaxHeapSize                              = 2105540608                                {product} {ergonomic}
   size_t MinHeapDeltaBytes                        = 1048576                                   {product} {ergonomic}
   size_t MinHeapSize                              = 8388608                                   {product} {ergonomic}
    uintx NonNMethodCodeHeapSize                   = 5839372                                {pd product} {ergonomic}
    uintx NonProfiledCodeHeapSize                  = 122909434                              {pd product} {ergonomic}
    uintx ProfiledCodeHeapSize                     = 122909434                              {pd product} {ergonomic}
    uintx ReservedCodeCacheSize                    = 251658240                              {pd product} {ergonomic}
     bool SegmentedCodeCache                       = true                                      {product} {ergonomic}
   size_t SoftMaxHeapSize                          = 2105540608                             {manageable} {ergonomic}
     bool UseCompressedClassPointers               = true                           {product lp64_product} {ergonomic}
     bool UseCompressedOops                        = true                           {product lp64_product} {ergonomic}
     bool UseG1GC                                  = true                                      {product} {ergonomic}
     bool UseLargePagesIndividualAllocation        = false                                  {pd product} {ergonomic}

Logging:
Log output configuration:
 #0: stdout all=warning uptime,level,tags
 #1: stderr all=off uptime,level,tags

Environment Variables:
JAVA_HOME=C:\Program Files\Java\jdk-15\
PATH=C:\Program Files\Common Files\Oracle\Java\javapath;C:\Program Files (x86)\Common Files\Oracle\Java\javapath;C:\Program Files (x86)\Intel\Intel(R) Management Engine Components\iCLS\;C:\Program Files\Intel\Intel(R) Management Engine Components\iCLS\;C:\windows\system32;C:\windows;C:\windows\System32\Wbem;C:\windows\System32\WindowsPowerShell\v1.0\;C:\windows\System32\OpenSSH\;C:\Program Files (x86)\Intel\Intel(R) Management Engine Components\DAL;C:\Program Files\Intel\Intel(R) Management Engine Components\DAL;C:\Program Files (x86)\NVIDIA Corporation\PhysX\Common;C:\Program Files\Intel\WiFi\bin\;C:\Program Files\Common Files\Intel\WirelessCommon\;C:\Program Files\NVIDIA Corporation\NVIDIA NvDLISR;C:\WINDOWS\system32;C:\WINDOWS;C:\WINDOWS\System32\Wbem;C:\WINDOWS\System32\WindowsPowerShell\v1.0\;C:\WINDOWS\System32\OpenSSH\;%JAVA_HOME%\bin;C:\Program Files\PuTTY\;C:\Program Files\Git\cmd;C:\Users\Arsito\Documents\proyectos git\BootCamp-Campus-Dual-Imatia\apache-maven-3.8.6\bin;C:\Users\Arsito\AppData\Local\Microsoft\WindowsApps;;C:\Users\Arsito\AppData\Local\Programs\Microsoft VS Code\bin;C:\Program Files\JetBrains\PyCharm Community Edition 2021.2.2\bin;
USERNAME=Arsito
OS=Windows_NT
PROCESSOR_IDENTIFIER=Intel64 Family 6 Model 142 Stepping 10, GenuineIntel



---------------  S Y S T E M  ---------------

OS:
 Windows 10 , 64 bit Build 19041 (10.0.19041.1806)
OS uptime: 9 days 11:44 hours

CPU: total 8 (initial active 8) (4 cores per cpu, 2 threads per core) family 6 model 142 stepping 10 microcode 0xb4, cx8, cmov, fxsr, ht, mmx, 3dnowpref, sse, sse2, sse3, ssse3, sse4.1, sse4.2, popcnt, lzcnt, tsc, tscinvbit, avx, avx2, aes, erms, clmul, bmi1, bmi2, adx, fma, vzeroupper, clflush, clflushopt

Memory: 4k page, system-wide physical 8026M (992M free)
TotalPageFile size 11026M (AvailPageFile size 40M)
current process WorkingSet (physical memory assigned to process): 10M, peak: 10M
current process commit charge ("private bytes"): 60M, peak: 186M

vm_info: Java HotSpot(TM) 64-Bit Server VM (16.0.2+7-67) for windows-amd64 JRE (16.0.2+7-67), built on Jun  8 2021 23:24:19 by "mach5one" with MS VC++ 16.7 (VS2019)

END.
